****                   ADMIXTURE Version 1.3.0                  ****
****                    Copyright 2008-2015                     ****
****           David Alexander, Suyash Shringarpure,            ****
****                John  Novembre, Ken Lange                   ****
****                                                            ****
****                 Please cite our paper!                     ****
****   Information at www.genetics.ucla.edu/software/admixture  ****

Cross-validation will be performed.  Folds=20.
Random seed: 43
Point estimation method: Block relaxation algorithm
Convergence acceleration algorithm: QuasiNewton, 3 secant conditions
Point estimation will terminate when objective function delta < 0.0001
Estimation of standard errors disabled; will compute point estimates only.
Size of G: 88x1550
Performing five EM steps to prime main algorithm
1 (EM) 	Elapsed: 0.072	Loglikelihood: -106439	(delta): 84948.5
2 (EM) 	Elapsed: 0.069	Loglikelihood: -100554	(delta): 5885.5
3 (EM) 	Elapsed: 0.066	Loglikelihood: -99216	(delta): 1337.58
4 (EM) 	Elapsed: 0.069	Loglikelihood: -98299.9	(delta): 916.042
5 (EM) 	Elapsed: 0.065	Loglikelihood: -97503.3	(delta): 796.607
Initial loglikelihood: -97503.3
Starting main algorithm
1 (QN/Block) 	Elapsed: 0.169	Loglikelihood: -86741.6	(delta): 10761.7
2 (QN/Block) 	Elapsed: 0.168	Loglikelihood: -83115.7	(delta): 3625.88
3 (QN/Block) 	Elapsed: 0.18	Loglikelihood: -81058.9	(delta): 2056.81
4 (QN/Block) 	Elapsed: 0.17	Loglikelihood: -79925	(delta): 1133.88
5 (QN/Block) 	Elapsed: 0.167	Loglikelihood: -79188	(delta): 736.986
6 (QN/Block) 	Elapsed: 0.167	Loglikelihood: -78752.9	(delta): 435.161
7 (QN/Block) 	Elapsed: 0.167	Loglikelihood: -78565.5	(delta): 187.337
8 (QN/Block) 	Elapsed: 0.166	Loglikelihood: -78463.7	(delta): 101.811
9 (QN/Block) 	Elapsed: 0.169	Loglikelihood: -78384.1	(delta): 79.6367
10 (QN/Block) 	Elapsed: 0.171	Loglikelihood: -78322.6	(delta): 61.5027
11 (QN/Block) 	Elapsed: 0.17	Loglikelihood: -78294.8	(delta): 27.7604
12 (QN/Block) 	Elapsed: 0.166	Loglikelihood: -78285.2	(delta): 9.58547
13 (QN/Block) 	Elapsed: 0.166	Loglikelihood: -78282.3	(delta): 2.99792
14 (QN/Block) 	Elapsed: 0.165	Loglikelihood: -78279.7	(delta): 2.52625
15 (QN/Block) 	Elapsed: 0.165	Loglikelihood: -78275.2	(delta): 4.52932
16 (QN/Block) 	Elapsed: 0.164	Loglikelihood: -78273.2	(delta): 2.02803
17 (QN/Block) 	Elapsed: 0.172	Loglikelihood: -78272.2	(delta): 0.942601
18 (QN/Block) 	Elapsed: 0.17	Loglikelihood: -78272	(delta): 0.179204
19 (QN/Block) 	Elapsed: 0.167	Loglikelihood: -78271.8	(delta): 0.259041
20 (QN/Block) 	Elapsed: 0.169	Loglikelihood: -78271.1	(delta): 0.642055
21 (QN/Block) 	Elapsed: 0.165	Loglikelihood: -78270.4	(delta): 0.755281
22 (QN/Block) 	Elapsed: 0.166	Loglikelihood: -78269.4	(delta): 0.987103
23 (QN/Block) 	Elapsed: 0.165	Loglikelihood: -78267.7	(delta): 1.68759
24 (QN/Block) 	Elapsed: 0.165	Loglikelihood: -78266.2	(delta): 1.50738
25 (QN/Block) 	Elapsed: 0.171	Loglikelihood: -78264.9	(delta): 1.30029
26 (QN/Block) 	Elapsed: 0.174	Loglikelihood: -78264.5	(delta): 0.447122
27 (QN/Block) 	Elapsed: 0.166	Loglikelihood: -78264	(delta): 0.424051
28 (QN/Block) 	Elapsed: 0.167	Loglikelihood: -78263.9	(delta): 0.153468
29 (QN/Block) 	Elapsed: 0.166	Loglikelihood: -78263.7	(delta): 0.1693
30 (QN/Block) 	Elapsed: 0.174	Loglikelihood: -78263.5	(delta): 0.209341
31 (QN/Block) 	Elapsed: 0.175	Loglikelihood: -78260.7	(delta): 2.79848
32 (QN/Block) 	Elapsed: 0.167	Loglikelihood: -78257.8	(delta): 2.90054
33 (QN/Block) 	Elapsed: 0.174	Loglikelihood: -78257	(delta): 0.831819
34 (QN/Block) 	Elapsed: 0.165	Loglikelihood: -78256.8	(delta): 0.133988
35 (QN/Block) 	Elapsed: 0.174	Loglikelihood: -78256.5	(delta): 0.360648
36 (QN/Block) 	Elapsed: 0.173	Loglikelihood: -78256.5	(delta): 0.0220096
37 (QN/Block) 	Elapsed: 0.167	Loglikelihood: -78256.4	(delta): 0.0280802
38 (QN/Block) 	Elapsed: 0.174	Loglikelihood: -78256.4	(delta): 0.00848024
39 (QN/Block) 	Elapsed: 0.166	Loglikelihood: -78256.4	(delta): 0.00343369
40 (QN/Block) 	Elapsed: 0.165	Loglikelihood: -78256.4	(delta): 0.00118972
41 (QN/Block) 	Elapsed: 0.166	Loglikelihood: -78256.4	(delta): 0.000846345
42 (QN/Block) 	Elapsed: 0.17	Loglikelihood: -78256.4	(delta): 0.00037624
43 (QN/Block) 	Elapsed: 0.168	Loglikelihood: -78256.4	(delta): 0.000146064
44 (QN/Block) 	Elapsed: 0.168	Loglikelihood: -78256.4	(delta): 0.000143375
45 (QN/Block) 	Elapsed: 0.167	Loglikelihood: -78256.4	(delta): 2.65891e-05
Summary: 
Converged in 45 iterations (8.068 sec)
Loglikelihood: -78256.413350
Fst divergences between estimated populations: 
	Pop0	Pop1	Pop2	Pop3	Pop4	Pop5	Pop6	Pop7	Pop8	Pop9	Pop10	Pop11	Pop12	Pop13	Pop14	
Pop0	
Pop1	0.170	
Pop2	0.222	0.141	
Pop3	0.256	0.229	0.265	
Pop4	0.249	0.252	0.277	0.328	
Pop5	0.266	0.184	0.164	0.286	0.314	
Pop6	0.211	0.130	0.108	0.247	0.268	0.144	
Pop7	0.230	0.150	0.131	0.266	0.287	0.154	0.117	
Pop8	0.274	0.230	0.250	0.244	0.335	0.280	0.244	0.257	
Pop9	0.274	0.220	0.209	0.316	0.343	0.248	0.205	0.222	0.328	
Pop10	0.202	0.125	0.138	0.249	0.269	0.184	0.122	0.147	0.244	0.215	
Pop11	0.252	0.171	0.153	0.275	0.297	0.144	0.134	0.142	0.268	0.238	0.171	
Pop12	0.222	0.145	0.137	0.255	0.280	0.164	0.120	0.142	0.253	0.221	0.150	0.146	
Pop13	0.238	0.167	0.159	0.269	0.295	0.179	0.144	0.158	0.261	0.246	0.163	0.160	0.160	
Pop14	0.234	0.153	0.141	0.266	0.287	0.164	0.117	0.135	0.264	0.228	0.158	0.138	0.145	0.160	
Pop15	0.241	0.174	0.152	0.243	0.281	0.150	0.139	0.139	0.233	0.241	0.170	0.139	0.147	0.158	0.154	
CV error (K=16): 0.90742
Writing output files.
