****                   ADMIXTURE Version 1.3.0                  ****
****                    Copyright 2008-2015                     ****
****           David Alexander, Suyash Shringarpure,            ****
****                John  Novembre, Ken Lange                   ****
****                                                            ****
****                 Please cite our paper!                     ****
****   Information at www.genetics.ucla.edu/software/admixture  ****

Cross-validation will be performed.  Folds=20.
Random seed: 43
Point estimation method: Block relaxation algorithm
Convergence acceleration algorithm: QuasiNewton, 3 secant conditions
Point estimation will terminate when objective function delta < 0.0001
Estimation of standard errors disabled; will compute point estimates only.
Size of G: 88x1550
Performing five EM steps to prime main algorithm
1 (EM) 	Elapsed: 0.037	Loglikelihood: -106976	(delta): 86188.6
2 (EM) 	Elapsed: 0.036	Loglikelihood: -101266	(delta): 5709.73
3 (EM) 	Elapsed: 0.035	Loglikelihood: -99917.1	(delta): 1348.96
4 (EM) 	Elapsed: 0.033	Loglikelihood: -99041.4	(delta): 875.736
5 (EM) 	Elapsed: 0.033	Loglikelihood: -98324.6	(delta): 716.716
Initial loglikelihood: -98324.6
Starting main algorithm
1 (QN/Block) 	Elapsed: 0.078	Loglikelihood: -90408.6	(delta): 7916.08
2 (QN/Block) 	Elapsed: 0.078	Loglikelihood: -87147.3	(delta): 3261.26
3 (QN/Block) 	Elapsed: 0.083	Loglikelihood: -85467.1	(delta): 1680.16
4 (QN/Block) 	Elapsed: 0.082	Loglikelihood: -84540.4	(delta): 926.772
5 (QN/Block) 	Elapsed: 0.082	Loglikelihood: -84004.6	(delta): 535.724
6 (QN/Block) 	Elapsed: 0.083	Loglikelihood: -83717.3	(delta): 287.333
7 (QN/Block) 	Elapsed: 0.082	Loglikelihood: -83563.6	(delta): 153.741
8 (QN/Block) 	Elapsed: 0.084	Loglikelihood: -83473.2	(delta): 90.3702
9 (QN/Block) 	Elapsed: 0.082	Loglikelihood: -83436.7	(delta): 36.4632
10 (QN/Block) 	Elapsed: 0.082	Loglikelihood: -83410.3	(delta): 26.4552
11 (QN/Block) 	Elapsed: 0.081	Loglikelihood: -83380.3	(delta): 29.9911
12 (QN/Block) 	Elapsed: 0.08	Loglikelihood: -83344.8	(delta): 35.5259
13 (QN/Block) 	Elapsed: 0.079	Loglikelihood: -83314.9	(delta): 29.8877
14 (QN/Block) 	Elapsed: 0.08	Loglikelihood: -83286.1	(delta): 28.7686
15 (QN/Block) 	Elapsed: 0.08	Loglikelihood: -83260.6	(delta): 25.4973
16 (QN/Block) 	Elapsed: 0.081	Loglikelihood: -83236.7	(delta): 23.9442
17 (QN/Block) 	Elapsed: 0.08	Loglikelihood: -83212.5	(delta): 24.1528
18 (QN/Block) 	Elapsed: 0.081	Loglikelihood: -83158.3	(delta): 54.2339
19 (QN/Block) 	Elapsed: 0.081	Loglikelihood: -83110.6	(delta): 47.6741
20 (QN/Block) 	Elapsed: 0.08	Loglikelihood: -83069.9	(delta): 40.6692
21 (QN/Block) 	Elapsed: 0.08	Loglikelihood: -83044.5	(delta): 25.4181
22 (QN/Block) 	Elapsed: 0.081	Loglikelihood: -83024.7	(delta): 19.8001
23 (QN/Block) 	Elapsed: 0.081	Loglikelihood: -83013.4	(delta): 11.3505
24 (QN/Block) 	Elapsed: 0.079	Loglikelihood: -83004.5	(delta): 8.89724
25 (QN/Block) 	Elapsed: 0.081	Loglikelihood: -82999.9	(delta): 4.55364
26 (QN/Block) 	Elapsed: 0.08	Loglikelihood: -82995.8	(delta): 4.13458
27 (QN/Block) 	Elapsed: 0.079	Loglikelihood: -82992	(delta): 3.75472
28 (QN/Block) 	Elapsed: 0.079	Loglikelihood: -82987	(delta): 4.99981
29 (QN/Block) 	Elapsed: 0.079	Loglikelihood: -82985.3	(delta): 1.72782
30 (QN/Block) 	Elapsed: 0.081	Loglikelihood: -82983.5	(delta): 1.8179
31 (QN/Block) 	Elapsed: 0.08	Loglikelihood: -82981.4	(delta): 2.07196
32 (QN/Block) 	Elapsed: 0.083	Loglikelihood: -82979	(delta): 2.44804
33 (QN/Block) 	Elapsed: 0.082	Loglikelihood: -82973.9	(delta): 5.07502
34 (QN/Block) 	Elapsed: 0.084	Loglikelihood: -82969.1	(delta): 4.79171
35 (QN/Block) 	Elapsed: 0.08	Loglikelihood: -82967.5	(delta): 1.60227
36 (QN/Block) 	Elapsed: 0.081	Loglikelihood: -82966.5	(delta): 0.965271
37 (QN/Block) 	Elapsed: 0.084	Loglikelihood: -82966	(delta): 0.525169
38 (QN/Block) 	Elapsed: 0.084	Loglikelihood: -82965.4	(delta): 0.603006
39 (QN/Block) 	Elapsed: 0.084	Loglikelihood: -82964.3	(delta): 1.12411
40 (QN/Block) 	Elapsed: 0.085	Loglikelihood: -82963.1	(delta): 1.17725
41 (QN/Block) 	Elapsed: 0.085	Loglikelihood: -82961.7	(delta): 1.43561
42 (QN/Block) 	Elapsed: 0.085	Loglikelihood: -82959.2	(delta): 2.50016
43 (QN/Block) 	Elapsed: 0.085	Loglikelihood: -82952.6	(delta): 6.53117
44 (QN/Block) 	Elapsed: 0.086	Loglikelihood: -82942.1	(delta): 10.5246
45 (QN/Block) 	Elapsed: 0.084	Loglikelihood: -82931.5	(delta): 10.6334
46 (QN/Block) 	Elapsed: 0.081	Loglikelihood: -82927.4	(delta): 4.07859
47 (QN/Block) 	Elapsed: 0.08	Loglikelihood: -82925.1	(delta): 2.29418
48 (QN/Block) 	Elapsed: 0.08	Loglikelihood: -82922.4	(delta): 2.70711
49 (QN/Block) 	Elapsed: 0.082	Loglikelihood: -82917.7	(delta): 4.6678
50 (QN/Block) 	Elapsed: 0.081	Loglikelihood: -82917	(delta): 0.690377
51 (QN/Block) 	Elapsed: 0.079	Loglikelihood: -82916.7	(delta): 0.289915
52 (QN/Block) 	Elapsed: 0.084	Loglikelihood: -82916.6	(delta): 0.182236
53 (QN/Block) 	Elapsed: 0.085	Loglikelihood: -82916.3	(delta): 0.224402
54 (QN/Block) 	Elapsed: 0.084	Loglikelihood: -82916.2	(delta): 0.184169
55 (QN/Block) 	Elapsed: 0.08	Loglikelihood: -82916.1	(delta): 0.0126563
56 (QN/Block) 	Elapsed: 0.08	Loglikelihood: -82916.1	(delta): 0.0276762
57 (QN/Block) 	Elapsed: 0.083	Loglikelihood: -82916.1	(delta): 0.00887027
58 (QN/Block) 	Elapsed: 0.083	Loglikelihood: -82916.1	(delta): 0.00307297
59 (QN/Block) 	Elapsed: 0.08	Loglikelihood: -82916.1	(delta): 0.000507899
60 (QN/Block) 	Elapsed: 0.079	Loglikelihood: -82916.1	(delta): 7.61528e-05
Summary: 
Converged in 60 iterations (5.206 sec)
Loglikelihood: -82916.101311
Fst divergences between estimated populations: 
	Pop0	Pop1	Pop2	Pop3	Pop4	Pop5	Pop6	Pop7	Pop8	
Pop0	
Pop1	0.247	
Pop2	0.280	0.210	
Pop3	0.257	0.194	0.185	
Pop4	0.252	0.174	0.172	0.112	
Pop5	0.280	0.237	0.183	0.133	0.157	
Pop6	0.269	0.214	0.193	0.107	0.122	0.126	
Pop7	0.297	0.245	0.214	0.132	0.149	0.132	0.119	
Pop8	0.261	0.203	0.187	0.101	0.107	0.127	0.083	0.111	
Pop9	0.289	0.239	0.210	0.135	0.153	0.125	0.115	0.137	0.122	
CV error (K=10): 0.65108
Writing output files.
