****                   ADMIXTURE Version 1.3.0                  ****
****                    Copyright 2008-2015                     ****
****           David Alexander, Suyash Shringarpure,            ****
****                John  Novembre, Ken Lange                   ****
****                                                            ****
****                 Please cite our paper!                     ****
****   Information at www.genetics.ucla.edu/software/admixture  ****

Cross-validation will be performed.  Folds=20.
Random seed: 43
Point estimation method: Block relaxation algorithm
Convergence acceleration algorithm: QuasiNewton, 3 secant conditions
Point estimation will terminate when objective function delta < 0.0001
Estimation of standard errors disabled; will compute point estimates only.
Size of G: 88x1550
Performing five EM steps to prime main algorithm
1 (EM) 	Elapsed: 0.053	Loglikelihood: -106461	(delta): 85702.2
2 (EM) 	Elapsed: 0.052	Loglikelihood: -100725	(delta): 5735.94
3 (EM) 	Elapsed: 0.049	Loglikelihood: -99356.7	(delta): 1368.15
4 (EM) 	Elapsed: 0.048	Loglikelihood: -98416.8	(delta): 939.89
5 (EM) 	Elapsed: 0.047	Loglikelihood: -97623	(delta): 793.761
Initial loglikelihood: -97623
Starting main algorithm
1 (QN/Block) 	Elapsed: 0.118	Loglikelihood: -88070.6	(delta): 9552.38
2 (QN/Block) 	Elapsed: 0.117	Loglikelihood: -84865.7	(delta): 3204.92
3 (QN/Block) 	Elapsed: 0.12	Loglikelihood: -83445.8	(delta): 1419.9
4 (QN/Block) 	Elapsed: 0.121	Loglikelihood: -82337.7	(delta): 1108.13
5 (QN/Block) 	Elapsed: 0.119	Loglikelihood: -81750.8	(delta): 586.857
6 (QN/Block) 	Elapsed: 0.118	Loglikelihood: -81533.4	(delta): 217.46
7 (QN/Block) 	Elapsed: 0.12	Loglikelihood: -81434.2	(delta): 99.1273
8 (QN/Block) 	Elapsed: 0.121	Loglikelihood: -81371.9	(delta): 62.3644
9 (QN/Block) 	Elapsed: 0.117	Loglikelihood: -81343.8	(delta): 28.1004
10 (QN/Block) 	Elapsed: 0.118	Loglikelihood: -81310.3	(delta): 33.4163
11 (QN/Block) 	Elapsed: 0.118	Loglikelihood: -81285.3	(delta): 24.9964
12 (QN/Block) 	Elapsed: 0.118	Loglikelihood: -81266.2	(delta): 19.1345
13 (QN/Block) 	Elapsed: 0.118	Loglikelihood: -81249.9	(delta): 16.3128
14 (QN/Block) 	Elapsed: 0.12	Loglikelihood: -81230.5	(delta): 19.3975
15 (QN/Block) 	Elapsed: 0.121	Loglikelihood: -81218.2	(delta): 12.3307
16 (QN/Block) 	Elapsed: 0.117	Loglikelihood: -81213.3	(delta): 4.85998
17 (QN/Block) 	Elapsed: 0.117	Loglikelihood: -81210.8	(delta): 2.49571
18 (QN/Block) 	Elapsed: 0.124	Loglikelihood: -81208.7	(delta): 2.09312
19 (QN/Block) 	Elapsed: 0.125	Loglikelihood: -81207.7	(delta): 0.997882
20 (QN/Block) 	Elapsed: 0.124	Loglikelihood: -81206.7	(delta): 1.06702
21 (QN/Block) 	Elapsed: 0.121	Loglikelihood: -81205.4	(delta): 1.25954
22 (QN/Block) 	Elapsed: 0.126	Loglikelihood: -81203.8	(delta): 1.60461
23 (QN/Block) 	Elapsed: 0.131	Loglikelihood: -81202	(delta): 1.78262
24 (QN/Block) 	Elapsed: 0.125	Loglikelihood: -81200.3	(delta): 1.67845
25 (QN/Block) 	Elapsed: 0.12	Loglikelihood: -81198.5	(delta): 1.83234
26 (QN/Block) 	Elapsed: 0.125	Loglikelihood: -81195.5	(delta): 3.02843
27 (QN/Block) 	Elapsed: 0.125	Loglikelihood: -81191.6	(delta): 3.92223
28 (QN/Block) 	Elapsed: 0.125	Loglikelihood: -81189.6	(delta): 1.93648
29 (QN/Block) 	Elapsed: 0.124	Loglikelihood: -81188	(delta): 1.56519
30 (QN/Block) 	Elapsed: 0.126	Loglikelihood: -81186.8	(delta): 1.24508
31 (QN/Block) 	Elapsed: 0.121	Loglikelihood: -81184.7	(delta): 2.08634
32 (QN/Block) 	Elapsed: 0.124	Loglikelihood: -81181.7	(delta): 3.00232
33 (QN/Block) 	Elapsed: 0.123	Loglikelihood: -81180.6	(delta): 1.09984
34 (QN/Block) 	Elapsed: 0.118	Loglikelihood: -81175.5	(delta): 5.09769
35 (QN/Block) 	Elapsed: 0.124	Loglikelihood: -81166.4	(delta): 9.13669
36 (QN/Block) 	Elapsed: 0.125	Loglikelihood: -81164.2	(delta): 2.15626
37 (QN/Block) 	Elapsed: 0.125	Loglikelihood: -81162.6	(delta): 1.62728
38 (QN/Block) 	Elapsed: 0.123	Loglikelihood: -81159.9	(delta): 2.68394
39 (QN/Block) 	Elapsed: 0.124	Loglikelihood: -81158.7	(delta): 1.23909
40 (QN/Block) 	Elapsed: 0.119	Loglikelihood: -81157.8	(delta): 0.850266
41 (QN/Block) 	Elapsed: 0.118	Loglikelihood: -81157.2	(delta): 0.588083
42 (QN/Block) 	Elapsed: 0.118	Loglikelihood: -81156.6	(delta): 0.651953
43 (QN/Block) 	Elapsed: 0.125	Loglikelihood: -81156.4	(delta): 0.138173
44 (QN/Block) 	Elapsed: 0.119	Loglikelihood: -81156.4	(delta): 0.0134678
45 (QN/Block) 	Elapsed: 0.118	Loglikelihood: -81156.4	(delta): 0.00156094
46 (QN/Block) 	Elapsed: 0.119	Loglikelihood: -81156.4	(delta): 0.000403176
47 (QN/Block) 	Elapsed: 0.118	Loglikelihood: -81156.4	(delta): 2.54073e-05
Summary: 
Converged in 47 iterations (6.079 sec)
Loglikelihood: -81156.430507
Fst divergences between estimated populations: 
	Pop0	Pop1	Pop2	Pop3	Pop4	Pop5	Pop6	Pop7	Pop8	Pop9	Pop10	Pop11	
Pop0	
Pop1	0.497	
Pop2	0.155	0.509	
Pop3	0.129	0.476	0.135	
Pop4	0.146	0.472	0.143	0.126	
Pop5	0.154	0.471	0.160	0.132	0.108	
Pop6	0.130	0.461	0.135	0.105	0.087	0.102	
Pop7	0.183	0.451	0.207	0.181	0.167	0.156	0.156	
Pop8	0.128	0.503	0.177	0.159	0.173	0.176	0.155	0.197	
Pop9	0.159	0.443	0.162	0.136	0.103	0.108	0.105	0.117	0.182	
Pop10	0.141	0.464	0.143	0.125	0.105	0.113	0.097	0.156	0.158	0.114	
Pop11	0.445	0.519	0.458	0.421	0.416	0.418	0.411	0.394	0.449	0.397	0.411	
Pop12	0.297	0.408	0.313	0.284	0.261	0.266	0.260	0.241	0.304	0.234	0.267	0.322	
CV error (K=13): 0.76109
Writing output files.
