****                   ADMIXTURE Version 1.3.0                  ****
****                    Copyright 2008-2015                     ****
****           David Alexander, Suyash Shringarpure,            ****
****                John  Novembre, Ken Lange                   ****
****                                                            ****
****                 Please cite our paper!                     ****
****   Information at www.genetics.ucla.edu/software/admixture  ****

Cross-validation will be performed.  Folds=20.
Random seed: 43
Point estimation method: Block relaxation algorithm
Convergence acceleration algorithm: QuasiNewton, 3 secant conditions
Point estimation will terminate when objective function delta < 0.0001
Estimation of standard errors disabled; will compute point estimates only.
Size of G: 88x1550
Performing five EM steps to prime main algorithm
1 (EM) 	Elapsed: 0.047	Loglikelihood: -106547	(delta): 86443.7
2 (EM) 	Elapsed: 0.044	Loglikelihood: -100882	(delta): 5664.51
3 (EM) 	Elapsed: 0.044	Loglikelihood: -99536.4	(delta): 1345.62
4 (EM) 	Elapsed: 0.042	Loglikelihood: -98628.9	(delta): 907.558
5 (EM) 	Elapsed: 0.042	Loglikelihood: -97872.8	(delta): 756.022
Initial loglikelihood: -97872.8
Starting main algorithm
1 (QN/Block) 	Elapsed: 0.103	Loglikelihood: -88987.8	(delta): 8885.01
2 (QN/Block) 	Elapsed: 0.102	Loglikelihood: -85536	(delta): 3451.82
3 (QN/Block) 	Elapsed: 0.109	Loglikelihood: -84016.1	(delta): 1519.89
4 (QN/Block) 	Elapsed: 0.107	Loglikelihood: -83134.3	(delta): 881.811
5 (QN/Block) 	Elapsed: 0.107	Loglikelihood: -82372.5	(delta): 761.847
6 (QN/Block) 	Elapsed: 0.105	Loglikelihood: -81945.2	(delta): 427.279
7 (QN/Block) 	Elapsed: 0.106	Loglikelihood: -81736.6	(delta): 208.57
8 (QN/Block) 	Elapsed: 0.105	Loglikelihood: -81631.4	(delta): 105.229
9 (QN/Block) 	Elapsed: 0.103	Loglikelihood: -81585.5	(delta): 45.8706
10 (QN/Block) 	Elapsed: 0.104	Loglikelihood: -81553	(delta): 32.483
11 (QN/Block) 	Elapsed: 0.104	Loglikelihood: -81526.7	(delta): 26.32
12 (QN/Block) 	Elapsed: 0.103	Loglikelihood: -81505.9	(delta): 20.8041
13 (QN/Block) 	Elapsed: 0.104	Loglikelihood: -81492.1	(delta): 13.8007
14 (QN/Block) 	Elapsed: 0.107	Loglikelihood: -81473.2	(delta): 18.9608
15 (QN/Block) 	Elapsed: 0.109	Loglikelihood: -81464.9	(delta): 8.21502
16 (QN/Block) 	Elapsed: 0.107	Loglikelihood: -81458.2	(delta): 6.73757
17 (QN/Block) 	Elapsed: 0.107	Loglikelihood: -81450	(delta): 8.17358
18 (QN/Block) 	Elapsed: 0.104	Loglikelihood: -81445.2	(delta): 4.80813
19 (QN/Block) 	Elapsed: 0.104	Loglikelihood: -81439	(delta): 6.26862
20 (QN/Block) 	Elapsed: 0.104	Loglikelihood: -81430.4	(delta): 8.58969
21 (QN/Block) 	Elapsed: 0.103	Loglikelihood: -81423.1	(delta): 7.28461
22 (QN/Block) 	Elapsed: 0.104	Loglikelihood: -81418.2	(delta): 4.90952
23 (QN/Block) 	Elapsed: 0.104	Loglikelihood: -81412.9	(delta): 5.24136
24 (QN/Block) 	Elapsed: 0.104	Loglikelihood: -81410.6	(delta): 2.28477
25 (QN/Block) 	Elapsed: 0.104	Loglikelihood: -81407.1	(delta): 3.51659
26 (QN/Block) 	Elapsed: 0.105	Loglikelihood: -81398.1	(delta): 8.98245
27 (QN/Block) 	Elapsed: 0.11	Loglikelihood: -81377.9	(delta): 20.2194
28 (QN/Block) 	Elapsed: 0.108	Loglikelihood: -81363.1	(delta): 14.858
29 (QN/Block) 	Elapsed: 0.109	Loglikelihood: -81343.6	(delta): 19.4536
30 (QN/Block) 	Elapsed: 0.108	Loglikelihood: -81327.2	(delta): 16.396
31 (QN/Block) 	Elapsed: 0.105	Loglikelihood: -81311.4	(delta): 15.8189
32 (QN/Block) 	Elapsed: 0.107	Loglikelihood: -81303	(delta): 8.37321
33 (QN/Block) 	Elapsed: 0.108	Loglikelihood: -81287.2	(delta): 15.8491
34 (QN/Block) 	Elapsed: 0.109	Loglikelihood: -81277.6	(delta): 9.54067
35 (QN/Block) 	Elapsed: 0.103	Loglikelihood: -81275.9	(delta): 1.75677
36 (QN/Block) 	Elapsed: 0.109	Loglikelihood: -81274.7	(delta): 1.20343
37 (QN/Block) 	Elapsed: 0.109	Loglikelihood: -81273.7	(delta): 0.964909
38 (QN/Block) 	Elapsed: 0.111	Loglikelihood: -81273.1	(delta): 0.626555
39 (QN/Block) 	Elapsed: 0.111	Loglikelihood: -81272.4	(delta): 0.670913
40 (QN/Block) 	Elapsed: 0.109	Loglikelihood: -81271.7	(delta): 0.687309
41 (QN/Block) 	Elapsed: 0.111	Loglikelihood: -81271.2	(delta): 0.545122
42 (QN/Block) 	Elapsed: 0.11	Loglikelihood: -81270.4	(delta): 0.795226
43 (QN/Block) 	Elapsed: 0.108	Loglikelihood: -81269.4	(delta): 0.948486
44 (QN/Block) 	Elapsed: 0.11	Loglikelihood: -81268.4	(delta): 1.00974
45 (QN/Block) 	Elapsed: 0.108	Loglikelihood: -81267.4	(delta): 1.07255
46 (QN/Block) 	Elapsed: 0.11	Loglikelihood: -81265.2	(delta): 2.10671
47 (QN/Block) 	Elapsed: 0.11	Loglikelihood: -81263.4	(delta): 1.85099
48 (QN/Block) 	Elapsed: 0.104	Loglikelihood: -81260.4	(delta): 3.04243
49 (QN/Block) 	Elapsed: 0.109	Loglikelihood: -81255.5	(delta): 4.82472
50 (QN/Block) 	Elapsed: 0.11	Loglikelihood: -81237.7	(delta): 17.7778
51 (QN/Block) 	Elapsed: 0.109	Loglikelihood: -81226.7	(delta): 11.0115
52 (QN/Block) 	Elapsed: 0.104	Loglikelihood: -81222.3	(delta): 4.48588
53 (QN/Block) 	Elapsed: 0.104	Loglikelihood: -81220	(delta): 2.28879
54 (QN/Block) 	Elapsed: 0.104	Loglikelihood: -81212.1	(delta): 7.86529
55 (QN/Block) 	Elapsed: 0.104	Loglikelihood: -81203.8	(delta): 8.27712
56 (QN/Block) 	Elapsed: 0.107	Loglikelihood: -81200.9	(delta): 2.96379
57 (QN/Block) 	Elapsed: 0.115	Loglikelihood: -81199.8	(delta): 1.03808
58 (QN/Block) 	Elapsed: 0.111	Loglikelihood: -81198.9	(delta): 0.921249
59 (QN/Block) 	Elapsed: 0.111	Loglikelihood: -81197.3	(delta): 1.56734
60 (QN/Block) 	Elapsed: 0.114	Loglikelihood: -81194.1	(delta): 3.19265
61 (QN/Block) 	Elapsed: 0.107	Loglikelihood: -81188.6	(delta): 5.55827
62 (QN/Block) 	Elapsed: 0.111	Loglikelihood: -81180.1	(delta): 8.43707
63 (QN/Block) 	Elapsed: 0.104	Loglikelihood: -81177.7	(delta): 2.45556
64 (QN/Block) 	Elapsed: 0.11	Loglikelihood: -81170.1	(delta): 7.58786
65 (QN/Block) 	Elapsed: 0.106	Loglikelihood: -81164.2	(delta): 5.90021
66 (QN/Block) 	Elapsed: 0.106	Loglikelihood: -81162	(delta): 2.19204
67 (QN/Block) 	Elapsed: 0.103	Loglikelihood: -81160.5	(delta): 1.55448
68 (QN/Block) 	Elapsed: 0.104	Loglikelihood: -81159.7	(delta): 0.726844
69 (QN/Block) 	Elapsed: 0.104	Loglikelihood: -81159.4	(delta): 0.347621
70 (QN/Block) 	Elapsed: 0.109	Loglikelihood: -81158.6	(delta): 0.796787
71 (QN/Block) 	Elapsed: 0.109	Loglikelihood: -81158.5	(delta): 0.129519
72 (QN/Block) 	Elapsed: 0.108	Loglikelihood: -81158.3	(delta): 0.126652
73 (QN/Block) 	Elapsed: 0.109	Loglikelihood: -81158.3	(delta): 0.0141853
74 (QN/Block) 	Elapsed: 0.105	Loglikelihood: -81158.3	(delta): 0.00306434
75 (QN/Block) 	Elapsed: 0.103	Loglikelihood: -81158.3	(delta): 0.000426887
76 (QN/Block) 	Elapsed: 0.103	Loglikelihood: -81158.3	(delta): 0.000170022
77 (QN/Block) 	Elapsed: 0.104	Loglikelihood: -81158.3	(delta): 3.33447e-05
Summary: 
Converged in 77 iterations (8.638 sec)
Loglikelihood: -81158.307421
Fst divergences between estimated populations: 
	Pop0	Pop1	Pop2	Pop3	Pop4	Pop5	Pop6	Pop7	Pop8	Pop9	Pop10	
Pop0	
Pop1	0.210	
Pop2	0.249	0.284	
Pop3	0.255	0.226	0.307	
Pop4	0.216	0.197	0.272	0.154	
Pop5	0.201	0.187	0.260	0.143	0.093	
Pop6	0.172	0.170	0.246	0.171	0.120	0.099	
Pop7	0.247	0.216	0.296	0.154	0.125	0.113	0.145	
Pop8	0.375	0.395	0.267	0.406	0.384	0.370	0.364	0.401	
Pop9	0.219	0.200	0.277	0.179	0.138	0.126	0.132	0.150	0.394	
Pop10	0.235	0.183	0.279	0.142	0.134	0.129	0.152	0.132	0.386	0.148	
Pop11	0.251	0.225	0.303	0.147	0.123	0.129	0.151	0.129	0.411	0.157	0.145	
CV error (K=12): 0.70706
Writing output files.
