****                   ADMIXTURE Version 1.3.0                  ****
****                    Copyright 2008-2015                     ****
****           David Alexander, Suyash Shringarpure,            ****
****                John  Novembre, Ken Lange                   ****
****                                                            ****
****                 Please cite our paper!                     ****
****   Information at www.genetics.ucla.edu/software/admixture  ****

Cross-validation will be performed.  Folds=20.
Random seed: 43
Point estimation method: Block relaxation algorithm
Convergence acceleration algorithm: QuasiNewton, 3 secant conditions
Point estimation will terminate when objective function delta < 0.0001
Estimation of standard errors disabled; will compute point estimates only.
Size of G: 88x1550
Performing five EM steps to prime main algorithm
1 (EM) 	Elapsed: 0.059	Loglikelihood: -106368	(delta): 85071.1
2 (EM) 	Elapsed: 0.057	Loglikelihood: -100698	(delta): 5669.92
3 (EM) 	Elapsed: 0.058	Loglikelihood: -99387.2	(delta): 1311.03
4 (EM) 	Elapsed: 0.053	Loglikelihood: -98499.1	(delta): 888.095
5 (EM) 	Elapsed: 0.053	Loglikelihood: -97744.4	(delta): 754.724
Initial loglikelihood: -97744.4
Starting main algorithm
1 (QN/Block) 	Elapsed: 0.134	Loglikelihood: -87814.6	(delta): 9929.75
2 (QN/Block) 	Elapsed: 0.133	Loglikelihood: -84345.2	(delta): 3469.4
3 (QN/Block) 	Elapsed: 0.137	Loglikelihood: -82650.1	(delta): 1695.12
4 (QN/Block) 	Elapsed: 0.136	Loglikelihood: -81323.2	(delta): 1326.85
5 (QN/Block) 	Elapsed: 0.133	Loglikelihood: -80734.1	(delta): 589.103
6 (QN/Block) 	Elapsed: 0.134	Loglikelihood: -80368.3	(delta): 365.848
7 (QN/Block) 	Elapsed: 0.14	Loglikelihood: -80133.2	(delta): 235.085
8 (QN/Block) 	Elapsed: 0.132	Loglikelihood: -79976.2	(delta): 156.982
9 (QN/Block) 	Elapsed: 0.132	Loglikelihood: -79883.1	(delta): 93.0734
10 (QN/Block) 	Elapsed: 0.132	Loglikelihood: -79822.9	(delta): 60.2418
11 (QN/Block) 	Elapsed: 0.132	Loglikelihood: -79741.9	(delta): 81.0199
12 (QN/Block) 	Elapsed: 0.133	Loglikelihood: -79684.6	(delta): 57.2331
13 (QN/Block) 	Elapsed: 0.132	Loglikelihood: -79647.6	(delta): 37.0125
14 (QN/Block) 	Elapsed: 0.132	Loglikelihood: -79620.3	(delta): 27.3601
15 (QN/Block) 	Elapsed: 0.133	Loglikelihood: -79602.3	(delta): 17.9951
16 (QN/Block) 	Elapsed: 0.132	Loglikelihood: -79595	(delta): 7.26779
17 (QN/Block) 	Elapsed: 0.137	Loglikelihood: -79586.5	(delta): 8.5316
18 (QN/Block) 	Elapsed: 0.138	Loglikelihood: -79578.5	(delta): 7.99484
19 (QN/Block) 	Elapsed: 0.138	Loglikelihood: -79575.2	(delta): 3.32416
20 (QN/Block) 	Elapsed: 0.135	Loglikelihood: -79572	(delta): 3.18052
21 (QN/Block) 	Elapsed: 0.134	Loglikelihood: -79567	(delta): 5.0035
22 (QN/Block) 	Elapsed: 0.133	Loglikelihood: -79562.7	(delta): 4.25152
23 (QN/Block) 	Elapsed: 0.138	Loglikelihood: -79555.6	(delta): 7.09491
24 (QN/Block) 	Elapsed: 0.134	Loglikelihood: -79554.6	(delta): 1.03151
25 (QN/Block) 	Elapsed: 0.138	Loglikelihood: -79552	(delta): 2.61702
26 (QN/Block) 	Elapsed: 0.139	Loglikelihood: -79551.2	(delta): 0.793359
27 (QN/Block) 	Elapsed: 0.133	Loglikelihood: -79550.8	(delta): 0.405157
28 (QN/Block) 	Elapsed: 0.132	Loglikelihood: -79550.5	(delta): 0.239427
29 (QN/Block) 	Elapsed: 0.132	Loglikelihood: -79550.4	(delta): 0.158706
30 (QN/Block) 	Elapsed: 0.131	Loglikelihood: -79550.2	(delta): 0.166234
31 (QN/Block) 	Elapsed: 0.138	Loglikelihood: -79550	(delta): 0.165855
32 (QN/Block) 	Elapsed: 0.138	Loglikelihood: -79549.7	(delta): 0.329066
33 (QN/Block) 	Elapsed: 0.14	Loglikelihood: -79549.6	(delta): 0.122666
34 (QN/Block) 	Elapsed: 0.138	Loglikelihood: -79549.6	(delta): 0.0106564
35 (QN/Block) 	Elapsed: 0.133	Loglikelihood: -79549.6	(delta): 0.0113857
36 (QN/Block) 	Elapsed: 0.132	Loglikelihood: -79549.6	(delta): 0.000829324
37 (QN/Block) 	Elapsed: 0.134	Loglikelihood: -79549.6	(delta): 0.000504768
38 (QN/Block) 	Elapsed: 0.132	Loglikelihood: -79549.6	(delta): 0.0002503
39 (QN/Block) 	Elapsed: 0.132	Loglikelihood: -79549.6	(delta): 6.15706e-05
Summary: 
Converged in 39 iterations (5.643 sec)
Loglikelihood: -79549.573957
Fst divergences between estimated populations: 
	Pop0	Pop1	Pop2	Pop3	Pop4	Pop5	Pop6	Pop7	Pop8	Pop9	Pop10	Pop11	Pop12	
Pop0	
Pop1	0.135	
Pop2	0.110	0.128	
Pop3	0.132	0.161	0.127	
Pop4	0.219	0.245	0.213	0.202	
Pop5	0.109	0.128	0.115	0.139	0.225	
Pop6	0.155	0.147	0.153	0.179	0.259	0.162	
Pop7	0.147	0.178	0.141	0.149	0.179	0.154	0.202	
Pop8	0.274	0.290	0.266	0.271	0.248	0.278	0.309	0.261	
Pop9	0.168	0.159	0.156	0.187	0.267	0.172	0.142	0.215	0.303	
Pop10	0.123	0.141	0.127	0.156	0.252	0.135	0.159	0.178	0.299	0.165	
Pop11	0.199	0.214	0.188	0.202	0.212	0.203	0.210	0.191	0.281	0.210	0.218	
Pop12	0.131	0.162	0.131	0.138	0.214	0.137	0.183	0.156	0.284	0.192	0.156	0.210	
Pop13	0.135	0.156	0.123	0.122	0.189	0.133	0.176	0.127	0.260	0.186	0.156	0.179	0.131	
CV error (K=14): 0.79154
Writing output files.
