****                   ADMIXTURE Version 1.3.0                  ****
****                    Copyright 2008-2015                     ****
****           David Alexander, Suyash Shringarpure,            ****
****                John  Novembre, Ken Lange                   ****
****                                                            ****
****                 Please cite our paper!                     ****
****   Information at www.genetics.ucla.edu/software/admixture  ****

Cross-validation will be performed.  Folds=20.
Random seed: 43
Point estimation method: Block relaxation algorithm
Convergence acceleration algorithm: QuasiNewton, 3 secant conditions
Point estimation will terminate when objective function delta < 0.0001
Estimation of standard errors disabled; will compute point estimates only.
Size of G: 88x1550
Performing five EM steps to prime main algorithm
1 (EM) 	Elapsed: 0.002	Loglikelihood: -100683	(delta): 171568
2 (EM) 	Elapsed: 0.002	Loglikelihood: -100683	(delta): 0
3 (EM) 	Elapsed: 0.003	Loglikelihood: -100683	(delta): 0
4 (EM) 	Elapsed: 0.002	Loglikelihood: -100683	(delta): 0
5 (EM) 	Elapsed: 0.002	Loglikelihood: -100683	(delta): 0
Initial loglikelihood: -100683
Starting main algorithm
1 (QN/Block) 	Elapsed: 0.014	Loglikelihood: -100683	(delta): 0
Summary: 
Converged in 1 iterations (0.037 sec)
Loglikelihood: -100683.475860
CV error (K=1): 0.49576
Writing output files.
