****                   ADMIXTURE Version 1.3.0                  ****
****                    Copyright 2008-2015                     ****
****           David Alexander, Suyash Shringarpure,            ****
****                John  Novembre, Ken Lange                   ****
****                                                            ****
****                 Please cite our paper!                     ****
****   Information at www.genetics.ucla.edu/software/admixture  ****

Cross-validation will be performed.  Folds=20.
Random seed: 43
Point estimation method: Block relaxation algorithm
Convergence acceleration algorithm: QuasiNewton, 3 secant conditions
Point estimation will terminate when objective function delta < 0.0001
Estimation of standard errors disabled; will compute point estimates only.
Size of G: 88x1550
Performing five EM steps to prime main algorithm
1 (EM) 	Elapsed: 0.043	Loglikelihood: -106677	(delta): 86654.7
2 (EM) 	Elapsed: 0.039	Loglikelihood: -100958	(delta): 5719.42
3 (EM) 	Elapsed: 0.04	Loglikelihood: -99539.4	(delta): 1418.57
4 (EM) 	Elapsed: 0.037	Loglikelihood: -98569.9	(delta): 969.471
5 (EM) 	Elapsed: 0.037	Loglikelihood: -97754.5	(delta): 815.394
Initial loglikelihood: -97754.5
Starting main algorithm
1 (QN/Block) 	Elapsed: 0.09	Loglikelihood: -89062.2	(delta): 8692.37
2 (QN/Block) 	Elapsed: 0.09	Loglikelihood: -86069	(delta): 2993.15
3 (QN/Block) 	Elapsed: 0.096	Loglikelihood: -84474.1	(delta): 1594.89
4 (QN/Block) 	Elapsed: 0.096	Loglikelihood: -83618	(delta): 856.172
5 (QN/Block) 	Elapsed: 0.097	Loglikelihood: -83000.7	(delta): 617.231
6 (QN/Block) 	Elapsed: 0.093	Loglikelihood: -82661.4	(delta): 339.342
7 (QN/Block) 	Elapsed: 0.097	Loglikelihood: -82531.6	(delta): 129.803
8 (QN/Block) 	Elapsed: 0.093	Loglikelihood: -82469.9	(delta): 61.7042
9 (QN/Block) 	Elapsed: 0.096	Loglikelihood: -82383.6	(delta): 86.3125
10 (QN/Block) 	Elapsed: 0.095	Loglikelihood: -82326.4	(delta): 57.2131
11 (QN/Block) 	Elapsed: 0.091	Loglikelihood: -82275.3	(delta): 51.1021
12 (QN/Block) 	Elapsed: 0.091	Loglikelihood: -82242.3	(delta): 32.9703
13 (QN/Block) 	Elapsed: 0.092	Loglikelihood: -82212.7	(delta): 29.5636
14 (QN/Block) 	Elapsed: 0.09	Loglikelihood: -82202	(delta): 10.7428
15 (QN/Block) 	Elapsed: 0.091	Loglikelihood: -82195.4	(delta): 6.53006
16 (QN/Block) 	Elapsed: 0.091	Loglikelihood: -82191.3	(delta): 4.18969
17 (QN/Block) 	Elapsed: 0.09	Loglikelihood: -82184.7	(delta): 6.52111
18 (QN/Block) 	Elapsed: 0.093	Loglikelihood: -82175.4	(delta): 9.36708
19 (QN/Block) 	Elapsed: 0.096	Loglikelihood: -82161.4	(delta): 13.9431
20 (QN/Block) 	Elapsed: 0.096	Loglikelihood: -82147.2	(delta): 14.195
21 (QN/Block) 	Elapsed: 0.097	Loglikelihood: -82131.4	(delta): 15.8107
22 (QN/Block) 	Elapsed: 0.097	Loglikelihood: -82119.3	(delta): 12.1472
23 (QN/Block) 	Elapsed: 0.096	Loglikelihood: -82115.6	(delta): 3.69349
24 (QN/Block) 	Elapsed: 0.098	Loglikelihood: -82112	(delta): 3.57802
25 (QN/Block) 	Elapsed: 0.091	Loglikelihood: -82108	(delta): 4.01284
26 (QN/Block) 	Elapsed: 0.094	Loglikelihood: -82104.5	(delta): 3.48467
27 (QN/Block) 	Elapsed: 0.092	Loglikelihood: -82103.3	(delta): 1.17291
28 (QN/Block) 	Elapsed: 0.095	Loglikelihood: -82102.1	(delta): 1.22544
29 (QN/Block) 	Elapsed: 0.096	Loglikelihood: -82100.8	(delta): 1.27775
30 (QN/Block) 	Elapsed: 0.097	Loglikelihood: -82100.1	(delta): 0.686734
31 (QN/Block) 	Elapsed: 0.098	Loglikelihood: -82098.8	(delta): 1.31612
32 (QN/Block) 	Elapsed: 0.098	Loglikelihood: -82096.3	(delta): 2.51233
33 (QN/Block) 	Elapsed: 0.097	Loglikelihood: -82094.9	(delta): 1.39151
34 (QN/Block) 	Elapsed: 0.097	Loglikelihood: -82094.4	(delta): 0.567995
35 (QN/Block) 	Elapsed: 0.095	Loglikelihood: -82093.7	(delta): 0.677135
36 (QN/Block) 	Elapsed: 0.097	Loglikelihood: -82092.5	(delta): 1.18269
37 (QN/Block) 	Elapsed: 0.096	Loglikelihood: -82090.9	(delta): 1.59941
38 (QN/Block) 	Elapsed: 0.098	Loglikelihood: -82089.5	(delta): 1.36272
39 (QN/Block) 	Elapsed: 0.096	Loglikelihood: -82086.1	(delta): 3.41805
40 (QN/Block) 	Elapsed: 0.098	Loglikelihood: -82076.2	(delta): 9.89948
41 (QN/Block) 	Elapsed: 0.098	Loglikelihood: -82059.9	(delta): 16.3116
42 (QN/Block) 	Elapsed: 0.096	Loglikelihood: -82045.8	(delta): 14.0728
43 (QN/Block) 	Elapsed: 0.096	Loglikelihood: -82041.1	(delta): 4.72636
44 (QN/Block) 	Elapsed: 0.096	Loglikelihood: -82039.1	(delta): 2.03801
45 (QN/Block) 	Elapsed: 0.091	Loglikelihood: -82036.8	(delta): 2.31334
46 (QN/Block) 	Elapsed: 0.09	Loglikelihood: -82035	(delta): 1.75928
47 (QN/Block) 	Elapsed: 0.091	Loglikelihood: -82033.9	(delta): 1.11774
48 (QN/Block) 	Elapsed: 0.091	Loglikelihood: -82033.5	(delta): 0.39049
49 (QN/Block) 	Elapsed: 0.092	Loglikelihood: -82033.4	(delta): 0.133133
50 (QN/Block) 	Elapsed: 0.091	Loglikelihood: -82033.3	(delta): 0.0461569
51 (QN/Block) 	Elapsed: 0.091	Loglikelihood: -82033.3	(delta): 0.020407
52 (QN/Block) 	Elapsed: 0.091	Loglikelihood: -82033.3	(delta): 0.0215495
53 (QN/Block) 	Elapsed: 0.091	Loglikelihood: -82033.3	(delta): 0.00504493
54 (QN/Block) 	Elapsed: 0.092	Loglikelihood: -82033.3	(delta): 0.00524871
55 (QN/Block) 	Elapsed: 0.091	Loglikelihood: -82033.2	(delta): 0.00455765
56 (QN/Block) 	Elapsed: 0.096	Loglikelihood: -82033.2	(delta): 0.0026047
57 (QN/Block) 	Elapsed: 0.094	Loglikelihood: -82033.2	(delta): 0.00231217
58 (QN/Block) 	Elapsed: 0.096	Loglikelihood: -82033.2	(delta): 0.00257031
59 (QN/Block) 	Elapsed: 0.092	Loglikelihood: -82033.2	(delta): 0.000367079
60 (QN/Block) 	Elapsed: 0.097	Loglikelihood: -82033.2	(delta): 0.000559022
61 (QN/Block) 	Elapsed: 0.092	Loglikelihood: -82033.2	(delta): 0.000440541
62 (QN/Block) 	Elapsed: 0.09	Loglikelihood: -82033.2	(delta): 6.60358e-05
Summary: 
Converged in 62 iterations (6.181 sec)
Loglikelihood: -82033.239148
Fst divergences between estimated populations: 
	Pop0	Pop1	Pop2	Pop3	Pop4	Pop5	Pop6	Pop7	Pop8	Pop9	
Pop0	
Pop1	0.166	
Pop2	0.117	0.160	
Pop3	0.111	0.168	0.127	
Pop4	0.130	0.166	0.131	0.135	
Pop5	0.169	0.256	0.210	0.190	0.227	
Pop6	0.149	0.140	0.132	0.153	0.149	0.235	
Pop7	0.127	0.133	0.110	0.127	0.117	0.227	0.115	
Pop8	0.108	0.145	0.112	0.107	0.114	0.211	0.129	0.102	
Pop9	0.245	0.305	0.271	0.269	0.286	0.246	0.279	0.280	0.264	
Pop10	0.168	0.227	0.191	0.197	0.210	0.210	0.183	0.199	0.191	0.281	
CV error (K=11): 0.68258
Writing output files.
