****                   ADMIXTURE Version 1.3.0                  ****
****                    Copyright 2008-2015                     ****
****           David Alexander, Suyash Shringarpure,            ****
****                John  Novembre, Ken Lange                   ****
****                                                            ****
****                 Please cite our paper!                     ****
****   Information at www.genetics.ucla.edu/software/admixture  ****

Cross-validation will be performed.  Folds=20.
Random seed: 43
Point estimation method: Block relaxation algorithm
Convergence acceleration algorithm: QuasiNewton, 3 secant conditions
Point estimation will terminate when objective function delta < 0.0001
Estimation of standard errors disabled; will compute point estimates only.
Size of G: 88x1550
Performing five EM steps to prime main algorithm
1 (EM) 	Elapsed: 0.095	Loglikelihood: -106188	(delta): 83159.9
2 (EM) 	Elapsed: 0.091	Loglikelihood: -100265	(delta): 5922.73
3 (EM) 	Elapsed: 0.087	Loglikelihood: -98930.1	(delta): 1335.43
4 (EM) 	Elapsed: 0.088	Loglikelihood: -98006	(delta): 924.076
5 (EM) 	Elapsed: 0.087	Loglikelihood: -97192.2	(delta): 813.766
Initial loglikelihood: -97192.2
Starting main algorithm
1 (QN/Block) 	Elapsed: 0.248	Loglikelihood: -85154.6	(delta): 12037.6
2 (QN/Block) 	Elapsed: 0.243	Loglikelihood: -81164.3	(delta): 3990.32
3 (QN/Block) 	Elapsed: 0.262	Loglikelihood: -78818.1	(delta): 2346.16
4 (QN/Block) 	Elapsed: 0.247	Loglikelihood: -77275.6	(delta): 1542.6
5 (QN/Block) 	Elapsed: 0.247	Loglikelihood: -76464.5	(delta): 811.046
6 (QN/Block) 	Elapsed: 0.244	Loglikelihood: -75947.6	(delta): 516.889
7 (QN/Block) 	Elapsed: 0.245	Loglikelihood: -75607.2	(delta): 340.39
8 (QN/Block) 	Elapsed: 0.245	Loglikelihood: -75427.4	(delta): 179.873
9 (QN/Block) 	Elapsed: 0.244	Loglikelihood: -75338.3	(delta): 89.1013
10 (QN/Block) 	Elapsed: 0.241	Loglikelihood: -75265	(delta): 73.2412
11 (QN/Block) 	Elapsed: 0.242	Loglikelihood: -75136.6	(delta): 128.455
12 (QN/Block) 	Elapsed: 0.242	Loglikelihood: -75014.8	(delta): 121.705
13 (QN/Block) 	Elapsed: 0.24	Loglikelihood: -74915.4	(delta): 99.4126
14 (QN/Block) 	Elapsed: 0.242	Loglikelihood: -74869.5	(delta): 45.9554
15 (QN/Block) 	Elapsed: 0.244	Loglikelihood: -74844.6	(delta): 24.8434
16 (QN/Block) 	Elapsed: 0.255	Loglikelihood: -74814.3	(delta): 30.3824
17 (QN/Block) 	Elapsed: 0.248	Loglikelihood: -74789.4	(delta): 24.8074
18 (QN/Block) 	Elapsed: 0.255	Loglikelihood: -74762.6	(delta): 26.8668
19 (QN/Block) 	Elapsed: 0.247	Loglikelihood: -74750.2	(delta): 12.3929
20 (QN/Block) 	Elapsed: 0.24	Loglikelihood: -74747.6	(delta): 2.62362
21 (QN/Block) 	Elapsed: 0.243	Loglikelihood: -74746.2	(delta): 1.31974
22 (QN/Block) 	Elapsed: 0.243	Loglikelihood: -74745.1	(delta): 1.1452
23 (QN/Block) 	Elapsed: 0.245	Loglikelihood: -74744.8	(delta): 0.26196
24 (QN/Block) 	Elapsed: 0.25	Loglikelihood: -74744.7	(delta): 0.181678
25 (QN/Block) 	Elapsed: 0.249	Loglikelihood: -74744.2	(delta): 0.437287
26 (QN/Block) 	Elapsed: 0.25	Loglikelihood: -74742.9	(delta): 1.31492
27 (QN/Block) 	Elapsed: 0.25	Loglikelihood: -74740.2	(delta): 2.69393
28 (QN/Block) 	Elapsed: 0.25	Loglikelihood: -74737.5	(delta): 2.73175
29 (QN/Block) 	Elapsed: 0.25	Loglikelihood: -74737.5	(delta): 0.0100617
30 (QN/Block) 	Elapsed: 0.242	Loglikelihood: -74737.5	(delta): 0.0181089
31 (QN/Block) 	Elapsed: 0.24	Loglikelihood: -74737.4	(delta): 0.0359129
32 (QN/Block) 	Elapsed: 0.241	Loglikelihood: -74737.4	(delta): 0.0485684
33 (QN/Block) 	Elapsed: 0.248	Loglikelihood: -74737.3	(delta): 0.0306906
34 (QN/Block) 	Elapsed: 0.25	Loglikelihood: -74737.3	(delta): 0.0203644
35 (QN/Block) 	Elapsed: 0.249	Loglikelihood: -74737.3	(delta): 0.00351879
36 (QN/Block) 	Elapsed: 0.249	Loglikelihood: -74737.3	(delta): 0.00928488
37 (QN/Block) 	Elapsed: 0.249	Loglikelihood: -74737.3	(delta): 0.0251887
38 (QN/Block) 	Elapsed: 0.25	Loglikelihood: -74737.3	(delta): 0.0064993
39 (QN/Block) 	Elapsed: 0.25	Loglikelihood: -74737.3	(delta): 0.00658171
40 (QN/Block) 	Elapsed: 0.244	Loglikelihood: -74737.2	(delta): 0.0283587
41 (QN/Block) 	Elapsed: 0.247	Loglikelihood: -74737.2	(delta): 0.0125228
42 (QN/Block) 	Elapsed: 0.25	Loglikelihood: -74737.2	(delta): 0.00066748
43 (QN/Block) 	Elapsed: 0.241	Loglikelihood: -74737.2	(delta): 2.81485e-05
Summary: 
Converged in 43 iterations (11.212 sec)
Loglikelihood: -74737.222531
Fst divergences between estimated populations: 
	Pop0	Pop1	Pop2	Pop3	Pop4	Pop5	Pop6	Pop7	Pop8	Pop9	Pop10	Pop11	Pop12	Pop13	Pop14	Pop15	Pop16	Pop17	Pop18	
Pop0	
Pop1	0.152	
Pop2	0.161	0.180	
Pop3	0.110	0.132	0.145	
Pop4	0.142	0.158	0.163	0.125	
Pop5	0.200	0.248	0.255	0.224	0.228	
Pop6	0.182	0.204	0.225	0.176	0.188	0.203	
Pop7	0.187	0.202	0.178	0.172	0.202	0.279	0.250	
Pop8	0.115	0.144	0.160	0.108	0.132	0.218	0.182	0.185	
Pop9	0.112	0.133	0.157	0.106	0.141	0.216	0.167	0.186	0.113	
Pop10	0.199	0.225	0.202	0.202	0.202	0.212	0.216	0.251	0.196	0.200	
Pop11	0.271	0.302	0.297	0.275	0.281	0.250	0.282	0.329	0.272	0.268	0.284	
Pop12	0.165	0.166	0.181	0.144	0.168	0.261	0.216	0.196	0.153	0.151	0.232	0.313	
Pop13	0.118	0.158	0.168	0.124	0.141	0.190	0.161	0.200	0.127	0.122	0.182	0.257	0.171	
Pop14	0.166	0.179	0.163	0.146	0.167	0.269	0.225	0.198	0.159	0.150	0.235	0.317	0.168	0.176	
Pop15	0.379	0.407	0.406	0.383	0.392	0.374	0.406	0.429	0.386	0.379	0.392	0.263	0.414	0.375	0.423	
Pop16	0.160	0.158	0.165	0.135	0.165	0.261	0.216	0.178	0.152	0.142	0.228	0.305	0.160	0.164	0.149	0.412	
Pop17	0.158	0.188	0.183	0.142	0.182	0.270	0.228	0.220	0.157	0.155	0.243	0.321	0.186	0.180	0.194	0.431	0.173	
Pop18	0.223	0.252	0.261	0.219	0.236	0.262	0.252	0.293	0.227	0.220	0.258	0.341	0.265	0.205	0.266	0.452	0.254	0.268	
Pop19	0.190	0.197	0.136	0.165	0.186	0.272	0.245	0.200	0.183	0.178	0.216	0.313	0.200	0.196	0.192	0.415	0.181	0.208	0.280	
CV error (K=20): 0.99466
Writing output files.
