****                   ADMIXTURE Version 1.3.0                  ****
****                    Copyright 2008-2015                     ****
****           David Alexander, Suyash Shringarpure,            ****
****                John  Novembre, Ken Lange                   ****
****                                                            ****
****                 Please cite our paper!                     ****
****   Information at www.genetics.ucla.edu/software/admixture  ****

Cross-validation will be performed.  Folds=20.
Random seed: 43
Point estimation method: Block relaxation algorithm
Convergence acceleration algorithm: QuasiNewton, 3 secant conditions
Point estimation will terminate when objective function delta < 0.0001
Estimation of standard errors disabled; will compute point estimates only.
Size of G: 88x1550
Performing five EM steps to prime main algorithm
1 (EM) 	Elapsed: 0.005	Loglikelihood: -105473	(delta): 119531
2 (EM) 	Elapsed: 0.005	Loglikelihood: -101478	(delta): 3994.4
3 (EM) 	Elapsed: 0.005	Loglikelihood: -100498	(delta): 980.587
4 (EM) 	Elapsed: 0.005	Loglikelihood: -100022	(delta): 475.733
5 (EM) 	Elapsed: 0.005	Loglikelihood: -99755.1	(delta): 267.053
Initial loglikelihood: -99755.1
Starting main algorithm
1 (QN/Block) 	Elapsed: 0.019	Loglikelihood: -96710.6	(delta): 3044.45
2 (QN/Block) 	Elapsed: 0.019	Loglikelihood: -95618.7	(delta): 1091.94
3 (QN/Block) 	Elapsed: 0.02	Loglikelihood: -95214.9	(delta): 403.799
4 (QN/Block) 	Elapsed: 0.02	Loglikelihood: -95074.9	(delta): 140.018
5 (QN/Block) 	Elapsed: 0.022	Loglikelihood: -95019.4	(delta): 55.4995
6 (QN/Block) 	Elapsed: 0.019	Loglikelihood: -95005.8	(delta): 13.6075
7 (QN/Block) 	Elapsed: 0.02	Loglikelihood: -95004.2	(delta): 1.616
8 (QN/Block) 	Elapsed: 0.019	Loglikelihood: -95003.6	(delta): 0.530112
9 (QN/Block) 	Elapsed: 0.018	Loglikelihood: -95003.5	(delta): 0.14931
10 (QN/Block) 	Elapsed: 0.019	Loglikelihood: -95003.5	(delta): 0.0382389
11 (QN/Block) 	Elapsed: 0.018	Loglikelihood: -95003.4	(delta): 0.00502341
12 (QN/Block) 	Elapsed: 0.019	Loglikelihood: -95003.4	(delta): 0.000281317
13 (QN/Block) 	Elapsed: 0.018	Loglikelihood: -95003.4	(delta): 1.24248e-05
Summary: 
Converged in 13 iterations (0.303 sec)
Loglikelihood: -95003.446087
Fst divergences between estimated populations: 
	Pop0	
Pop0	
Pop1	0.198	
CV error (K=2): 0.47104
Writing output files.
