****                   ADMIXTURE Version 1.3.0                  ****
****                    Copyright 2008-2015                     ****
****           David Alexander, Suyash Shringarpure,            ****
****                John  Novembre, Ken Lange                   ****
****                                                            ****
****                 Please cite our paper!                     ****
****   Information at www.genetics.ucla.edu/software/admixture  ****

Cross-validation will be performed.  Folds=20.
Random seed: 43
Point estimation method: Block relaxation algorithm
Convergence acceleration algorithm: QuasiNewton, 3 secant conditions
Point estimation will terminate when objective function delta < 0.0001
Estimation of standard errors disabled; will compute point estimates only.
Size of G: 88x1550
Performing five EM steps to prime main algorithm
1 (EM) 	Elapsed: 0.008	Loglikelihood: -106843	(delta): 108380
2 (EM) 	Elapsed: 0.008	Loglikelihood: -101862	(delta): 4980.69
3 (EM) 	Elapsed: 0.009	Loglikelihood: -100671	(delta): 1191.02
4 (EM) 	Elapsed: 0.008	Loglikelihood: -100049	(delta): 621.844
5 (EM) 	Elapsed: 0.009	Loglikelihood: -99675.7	(delta): 373.656
Initial loglikelihood: -99675.7
Starting main algorithm
1 (QN/Block) 	Elapsed: 0.023	Loglikelihood: -97251.3	(delta): 2424.4
2 (QN/Block) 	Elapsed: 0.023	Loglikelihood: -94331.9	(delta): 2919.42
3 (QN/Block) 	Elapsed: 0.025	Loglikelihood: -92848.3	(delta): 1483.61
4 (QN/Block) 	Elapsed: 0.028	Loglikelihood: -92393.5	(delta): 454.821
5 (QN/Block) 	Elapsed: 0.025	Loglikelihood: -92269.5	(delta): 123.932
6 (QN/Block) 	Elapsed: 0.025	Loglikelihood: -92240.8	(delta): 28.7622
7 (QN/Block) 	Elapsed: 0.026	Loglikelihood: -92235.2	(delta): 5.5605
8 (QN/Block) 	Elapsed: 0.028	Loglikelihood: -92235	(delta): 0.221711
9 (QN/Block) 	Elapsed: 0.025	Loglikelihood: -92234.8	(delta): 0.156985
10 (QN/Block) 	Elapsed: 0.025	Loglikelihood: -92234.8	(delta): 0.0330355
11 (QN/Block) 	Elapsed: 0.025	Loglikelihood: -92234.8	(delta): 0.00822617
12 (QN/Block) 	Elapsed: 0.026	Loglikelihood: -92234.8	(delta): 0.00274068
13 (QN/Block) 	Elapsed: 0.028	Loglikelihood: -92234.8	(delta): 0.0006029
14 (QN/Block) 	Elapsed: 0.025	Loglikelihood: -92234.8	(delta): 0.000359233
15 (QN/Block) 	Elapsed: 0.025	Loglikelihood: -92234.8	(delta): 5.75607e-06
Summary: 
Converged in 15 iterations (0.456 sec)
Loglikelihood: -92234.792565
Fst divergences between estimated populations: 
	Pop0	Pop1	
Pop0	
Pop1	0.223	
Pop2	0.090	0.247	
CV error (K=3): 0.47858
Writing output files.
