****                   ADMIXTURE Version 1.3.0                  ****
****                    Copyright 2008-2015                     ****
****           David Alexander, Suyash Shringarpure,            ****
****                John  Novembre, Ken Lange                   ****
****                                                            ****
****                 Please cite our paper!                     ****
****   Information at www.genetics.ucla.edu/software/admixture  ****

Cross-validation will be performed.  Folds=20.
Random seed: 43
Point estimation method: Block relaxation algorithm
Convergence acceleration algorithm: QuasiNewton, 3 secant conditions
Point estimation will terminate when objective function delta < 0.0001
Estimation of standard errors disabled; will compute point estimates only.
Size of G: 88x1550
Performing five EM steps to prime main algorithm
1 (EM) 	Elapsed: 0.014	Loglikelihood: -107176	(delta): 95139.7
2 (EM) 	Elapsed: 0.015	Loglikelihood: -101857	(delta): 5319.26
3 (EM) 	Elapsed: 0.015	Loglikelihood: -100521	(delta): 1335.63
4 (EM) 	Elapsed: 0.013	Loglikelihood: -99719.9	(delta): 801.081
5 (EM) 	Elapsed: 0.013	Loglikelihood: -99137.6	(delta): 582.365
Initial loglikelihood: -99137.6
Starting main algorithm
1 (QN/Block) 	Elapsed: 0.034	Loglikelihood: -93504.9	(delta): 5632.65
2 (QN/Block) 	Elapsed: 0.034	Loglikelihood: -90939.9	(delta): 2565.06
3 (QN/Block) 	Elapsed: 0.037	Loglikelihood: -89684.9	(delta): 1255
4 (QN/Block) 	Elapsed: 0.039	Loglikelihood: -89165.7	(delta): 519.162
5 (QN/Block) 	Elapsed: 0.037	Loglikelihood: -88986	(delta): 179.698
6 (QN/Block) 	Elapsed: 0.037	Loglikelihood: -88862.3	(delta): 123.657
7 (QN/Block) 	Elapsed: 0.039	Loglikelihood: -88783.2	(delta): 79.1712
8 (QN/Block) 	Elapsed: 0.036	Loglikelihood: -88728.7	(delta): 54.4854
9 (QN/Block) 	Elapsed: 0.036	Loglikelihood: -88692.5	(delta): 36.1698
10 (QN/Block) 	Elapsed: 0.037	Loglikelihood: -88679	(delta): 13.4764
11 (QN/Block) 	Elapsed: 0.035	Loglikelihood: -88674.2	(delta): 4.87876
12 (QN/Block) 	Elapsed: 0.037	Loglikelihood: -88669.4	(delta): 4.75899
13 (QN/Block) 	Elapsed: 0.036	Loglikelihood: -88666.7	(delta): 2.71179
14 (QN/Block) 	Elapsed: 0.037	Loglikelihood: -88664.1	(delta): 2.61171
15 (QN/Block) 	Elapsed: 0.039	Loglikelihood: -88663.2	(delta): 0.903038
16 (QN/Block) 	Elapsed: 0.039	Loglikelihood: -88662	(delta): 1.15824
17 (QN/Block) 	Elapsed: 0.039	Loglikelihood: -88660.3	(delta): 1.72233
18 (QN/Block) 	Elapsed: 0.04	Loglikelihood: -88657.8	(delta): 2.4764
19 (QN/Block) 	Elapsed: 0.04	Loglikelihood: -88655.6	(delta): 2.20764
20 (QN/Block) 	Elapsed: 0.04	Loglikelihood: -88654.2	(delta): 1.3698
21 (QN/Block) 	Elapsed: 0.037	Loglikelihood: -88653.3	(delta): 0.981355
22 (QN/Block) 	Elapsed: 0.039	Loglikelihood: -88652.3	(delta): 0.941136
23 (QN/Block) 	Elapsed: 0.035	Loglikelihood: -88651.8	(delta): 0.517831
24 (QN/Block) 	Elapsed: 0.035	Loglikelihood: -88650.7	(delta): 1.08237
25 (QN/Block) 	Elapsed: 0.037	Loglikelihood: -88650.1	(delta): 0.632208
26 (QN/Block) 	Elapsed: 0.036	Loglikelihood: -88650	(delta): 0.125167
27 (QN/Block) 	Elapsed: 0.036	Loglikelihood: -88649.9	(delta): 0.0432525
28 (QN/Block) 	Elapsed: 0.035	Loglikelihood: -88649.9	(delta): 0.0148832
29 (QN/Block) 	Elapsed: 0.036	Loglikelihood: -88649.9	(delta): 0.00466749
30 (QN/Block) 	Elapsed: 0.036	Loglikelihood: -88649.9	(delta): 0.00123479
31 (QN/Block) 	Elapsed: 0.035	Loglikelihood: -88649.9	(delta): 0.000388434
32 (QN/Block) 	Elapsed: 0.035	Loglikelihood: -88649.9	(delta): 0.000159862
33 (QN/Block) 	Elapsed: 0.035	Loglikelihood: -88649.9	(delta): 0.000123431
34 (QN/Block) 	Elapsed: 0.035	Loglikelihood: -88649.9	(delta): 4.86205e-05
Summary: 
Converged in 34 iterations (1.387 sec)
Loglikelihood: -88649.896177
Fst divergences between estimated populations: 
	Pop0	Pop1	Pop2	Pop3	
Pop0	
Pop1	0.280	
Pop2	0.121	0.251	
Pop3	0.189	0.228	0.149	
Pop4	0.112	0.267	0.083	0.169	
CV error (K=5): 0.50398
Writing output files.
