****                   ADMIXTURE Version 1.3.0                  ****
****                    Copyright 2008-2015                     ****
****           David Alexander, Suyash Shringarpure,            ****
****                John  Novembre, Ken Lange                   ****
****                                                            ****
****                 Please cite our paper!                     ****
****   Information at www.genetics.ucla.edu/software/admixture  ****

Cross-validation will be performed.  Folds=20.
Random seed: 43
Point estimation method: Block relaxation algorithm
Convergence acceleration algorithm: QuasiNewton, 3 secant conditions
Point estimation will terminate when objective function delta < 0.0001
Estimation of standard errors disabled; will compute point estimates only.
Size of G: 88x1550
Performing five EM steps to prime main algorithm
1 (EM) 	Elapsed: 0.018	Loglikelihood: -107124	(delta): 92283
2 (EM) 	Elapsed: 0.019	Loglikelihood: -101667	(delta): 5457.07
3 (EM) 	Elapsed: 0.017	Loglikelihood: -100259	(delta): 1408.42
4 (EM) 	Elapsed: 0.017	Loglikelihood: -99387.8	(delta): 870.667
5 (EM) 	Elapsed: 0.016	Loglikelihood: -98728.2	(delta): 659.677
Initial loglikelihood: -98728.2
Starting main algorithm
1 (QN/Block) 	Elapsed: 0.039	Loglikelihood: -92085.6	(delta): 6642.52
2 (QN/Block) 	Elapsed: 0.04	Loglikelihood: -89445.6	(delta): 2640.01
3 (QN/Block) 	Elapsed: 0.044	Loglikelihood: -88424.3	(delta): 1021.37
4 (QN/Block) 	Elapsed: 0.044	Loglikelihood: -87904.6	(delta): 519.636
5 (QN/Block) 	Elapsed: 0.044	Loglikelihood: -87652.7	(delta): 251.895
6 (QN/Block) 	Elapsed: 0.045	Loglikelihood: -87532.2	(delta): 120.568
7 (QN/Block) 	Elapsed: 0.045	Loglikelihood: -87479.9	(delta): 52.2795
8 (QN/Block) 	Elapsed: 0.043	Loglikelihood: -87442.2	(delta): 37.7029
9 (QN/Block) 	Elapsed: 0.043	Loglikelihood: -87415.4	(delta): 26.8051
10 (QN/Block) 	Elapsed: 0.043	Loglikelihood: -87390.6	(delta): 24.7719
11 (QN/Block) 	Elapsed: 0.044	Loglikelihood: -87375.8	(delta): 14.8219
12 (QN/Block) 	Elapsed: 0.045	Loglikelihood: -87362.9	(delta): 12.9146
13 (QN/Block) 	Elapsed: 0.046	Loglikelihood: -87356.4	(delta): 6.48624
14 (QN/Block) 	Elapsed: 0.043	Loglikelihood: -87351.2	(delta): 5.21551
15 (QN/Block) 	Elapsed: 0.043	Loglikelihood: -87348.7	(delta): 2.4839
16 (QN/Block) 	Elapsed: 0.042	Loglikelihood: -87347.5	(delta): 1.18886
17 (QN/Block) 	Elapsed: 0.043	Loglikelihood: -87346.7	(delta): 0.746635
18 (QN/Block) 	Elapsed: 0.046	Loglikelihood: -87346.3	(delta): 0.429341
19 (QN/Block) 	Elapsed: 0.046	Loglikelihood: -87345.9	(delta): 0.431464
20 (QN/Block) 	Elapsed: 0.046	Loglikelihood: -87345.4	(delta): 0.43266
21 (QN/Block) 	Elapsed: 0.045	Loglikelihood: -87345	(delta): 0.418285
22 (QN/Block) 	Elapsed: 0.045	Loglikelihood: -87344.5	(delta): 0.564175
23 (QN/Block) 	Elapsed: 0.044	Loglikelihood: -87343.8	(delta): 0.63129
24 (QN/Block) 	Elapsed: 0.043	Loglikelihood: -87343.6	(delta): 0.23935
25 (QN/Block) 	Elapsed: 0.044	Loglikelihood: -87343.6	(delta): 0.0320231
26 (QN/Block) 	Elapsed: 0.043	Loglikelihood: -87343.6	(delta): 0.00942629
27 (QN/Block) 	Elapsed: 0.042	Loglikelihood: -87343.6	(delta): 0.00197111
28 (QN/Block) 	Elapsed: 0.042	Loglikelihood: -87343.6	(delta): 0.000169526
29 (QN/Block) 	Elapsed: 0.043	Loglikelihood: -87343.6	(delta): 0.000127819
30 (QN/Block) 	Elapsed: 0.042	Loglikelihood: -87343.6	(delta): 3.51368e-05
Summary: 
Converged in 30 iterations (1.458 sec)
Loglikelihood: -87343.550551
Fst divergences between estimated populations: 
	Pop0	Pop1	Pop2	Pop3	Pop4	
Pop0	
Pop1	0.108	
Pop2	0.280	0.268	
Pop3	0.151	0.117	0.240	
Pop4	0.118	0.082	0.253	0.098	
Pop5	0.168	0.165	0.236	0.120	0.150	
CV error (K=6): 0.53018
Writing output files.
