****                   ADMIXTURE Version 1.3.0                  ****
****                    Copyright 2008-2015                     ****
****           David Alexander, Suyash Shringarpure,            ****
****                John  Novembre, Ken Lange                   ****
****                                                            ****
****                 Please cite our paper!                     ****
****   Information at www.genetics.ucla.edu/software/admixture  ****

Cross-validation will be performed.  Folds=20.
Random seed: 43
Point estimation method: Block relaxation algorithm
Convergence acceleration algorithm: QuasiNewton, 3 secant conditions
Point estimation will terminate when objective function delta < 0.0001
Estimation of standard errors disabled; will compute point estimates only.
Size of G: 88x1550
Performing five EM steps to prime main algorithm
1 (EM) 	Elapsed: 0.022	Loglikelihood: -106992	(delta): 89548.3
2 (EM) 	Elapsed: 0.022	Loglikelihood: -101467	(delta): 5524.45
3 (EM) 	Elapsed: 0.021	Loglikelihood: -100073	(delta): 1394.1
4 (EM) 	Elapsed: 0.021	Loglikelihood: -99176.2	(delta): 897.052
5 (EM) 	Elapsed: 0.02	Loglikelihood: -98480	(delta): 696.197
Initial loglikelihood: -98480
Starting main algorithm
1 (QN/Block) 	Elapsed: 0.048	Loglikelihood: -91475.8	(delta): 7004.19
2 (QN/Block) 	Elapsed: 0.048	Loglikelihood: -88795.4	(delta): 2680.38
3 (QN/Block) 	Elapsed: 0.052	Loglikelihood: -87842.2	(delta): 953.205
4 (QN/Block) 	Elapsed: 0.052	Loglikelihood: -87403.8	(delta): 438.404
5 (QN/Block) 	Elapsed: 0.052	Loglikelihood: -87188.8	(delta): 215.01
6 (QN/Block) 	Elapsed: 0.054	Loglikelihood: -87017.7	(delta): 171.134
7 (QN/Block) 	Elapsed: 0.055	Loglikelihood: -86884.6	(delta): 133.114
8 (QN/Block) 	Elapsed: 0.052	Loglikelihood: -86749.4	(delta): 135.202
9 (QN/Block) 	Elapsed: 0.052	Loglikelihood: -86640.8	(delta): 108.542
10 (QN/Block) 	Elapsed: 0.054	Loglikelihood: -86565	(delta): 75.8225
11 (QN/Block) 	Elapsed: 0.052	Loglikelihood: -86498.6	(delta): 66.3894
12 (QN/Block) 	Elapsed: 0.053	Loglikelihood: -86439.8	(delta): 58.8329
13 (QN/Block) 	Elapsed: 0.052	Loglikelihood: -86386.1	(delta): 53.6801
14 (QN/Block) 	Elapsed: 0.05	Loglikelihood: -86334.5	(delta): 51.6271
15 (QN/Block) 	Elapsed: 0.051	Loglikelihood: -86309.7	(delta): 24.7981
16 (QN/Block) 	Elapsed: 0.052	Loglikelihood: -86297.2	(delta): 12.4621
17 (QN/Block) 	Elapsed: 0.052	Loglikelihood: -86289.7	(delta): 7.52366
18 (QN/Block) 	Elapsed: 0.054	Loglikelihood: -86280.6	(delta): 9.11074
19 (QN/Block) 	Elapsed: 0.054	Loglikelihood: -86271.7	(delta): 8.86017
20 (QN/Block) 	Elapsed: 0.055	Loglikelihood: -86263.2	(delta): 8.53494
21 (QN/Block) 	Elapsed: 0.054	Loglikelihood: -86261.5	(delta): 1.65843
22 (QN/Block) 	Elapsed: 0.052	Loglikelihood: -86260.4	(delta): 1.15614
23 (QN/Block) 	Elapsed: 0.052	Loglikelihood: -86259.2	(delta): 1.11265
24 (QN/Block) 	Elapsed: 0.053	Loglikelihood: -86258.8	(delta): 0.466209
25 (QN/Block) 	Elapsed: 0.052	Loglikelihood: -86258.4	(delta): 0.34098
26 (QN/Block) 	Elapsed: 0.05	Loglikelihood: -86258	(delta): 0.479683
27 (QN/Block) 	Elapsed: 0.054	Loglikelihood: -86257.7	(delta): 0.207685
28 (QN/Block) 	Elapsed: 0.052	Loglikelihood: -86257.4	(delta): 0.335781
29 (QN/Block) 	Elapsed: 0.055	Loglikelihood: -86257.3	(delta): 0.155845
30 (QN/Block) 	Elapsed: 0.055	Loglikelihood: -86257.1	(delta): 0.18011
31 (QN/Block) 	Elapsed: 0.053	Loglikelihood: -86256.8	(delta): 0.238978
32 (QN/Block) 	Elapsed: 0.054	Loglikelihood: -86256.6	(delta): 0.276266
33 (QN/Block) 	Elapsed: 0.055	Loglikelihood: -86256.3	(delta): 0.307115
34 (QN/Block) 	Elapsed: 0.054	Loglikelihood: -86256.1	(delta): 0.142907
35 (QN/Block) 	Elapsed: 0.051	Loglikelihood: -86256	(delta): 0.0738705
36 (QN/Block) 	Elapsed: 0.055	Loglikelihood: -86256	(delta): 0.0369435
37 (QN/Block) 	Elapsed: 0.054	Loglikelihood: -86256	(delta): 0.0407318
38 (QN/Block) 	Elapsed: 0.056	Loglikelihood: -86255.9	(delta): 0.0549944
39 (QN/Block) 	Elapsed: 0.055	Loglikelihood: -86255.9	(delta): 0.0376147
40 (QN/Block) 	Elapsed: 0.051	Loglikelihood: -86255.9	(delta): 0.00285124
41 (QN/Block) 	Elapsed: 0.051	Loglikelihood: -86255.9	(delta): 0.00193841
42 (QN/Block) 	Elapsed: 0.05	Loglikelihood: -86255.9	(delta): 0.000237836
43 (QN/Block) 	Elapsed: 0.05	Loglikelihood: -86255.9	(delta): 0.000130423
44 (QN/Block) 	Elapsed: 0.051	Loglikelihood: -86255.9	(delta): 3.40529e-05
Summary: 
Converged in 44 iterations (2.512 sec)
Loglikelihood: -86255.861993
Fst divergences between estimated populations: 
	Pop0	Pop1	Pop2	Pop3	Pop4	Pop5	
Pop0	
Pop1	0.260	
Pop2	0.105	0.263	
Pop3	0.081	0.268	0.106	
Pop4	0.122	0.280	0.132	0.109	
Pop5	0.104	0.239	0.114	0.117	0.152	
Pop6	0.158	0.238	0.153	0.166	0.168	0.120	
CV error (K=7): 0.55914
Writing output files.
