****                   ADMIXTURE Version 1.3.0                  ****
****                    Copyright 2008-2015                     ****
****           David Alexander, Suyash Shringarpure,            ****
****                John  Novembre, Ken Lange                   ****
****                                                            ****
****                 Please cite our paper!                     ****
****   Information at www.genetics.ucla.edu/software/admixture  ****

Cross-validation will be performed.  Folds=20.
Random seed: 43
Point estimation method: Block relaxation algorithm
Convergence acceleration algorithm: QuasiNewton, 3 secant conditions
Point estimation will terminate when objective function delta < 0.0001
Estimation of standard errors disabled; will compute point estimates only.
Size of G: 88x1550
Performing five EM steps to prime main algorithm
1 (EM) 	Elapsed: 0.026	Loglikelihood: -106985	(delta): 88865.9
2 (EM) 	Elapsed: 0.027	Loglikelihood: -101312	(delta): 5672.31
3 (EM) 	Elapsed: 0.026	Loglikelihood: -99946.3	(delta): 1365.98
4 (EM) 	Elapsed: 0.025	Loglikelihood: -99071.7	(delta): 874.618
5 (EM) 	Elapsed: 0.024	Loglikelihood: -98382.4	(delta): 689.374
Initial loglikelihood: -98382.4
Starting main algorithm
1 (QN/Block) 	Elapsed: 0.057	Loglikelihood: -90924.5	(delta): 7457.9
2 (QN/Block) 	Elapsed: 0.057	Loglikelihood: -87878.5	(delta): 3045.95
3 (QN/Block) 	Elapsed: 0.061	Loglikelihood: -86457.1	(delta): 1421.38
4 (QN/Block) 	Elapsed: 0.062	Loglikelihood: -85795.1	(delta): 662.043
5 (QN/Block) 	Elapsed: 0.059	Loglikelihood: -85476.5	(delta): 318.528
6 (QN/Block) 	Elapsed: 0.059	Loglikelihood: -85350.6	(delta): 125.982
7 (QN/Block) 	Elapsed: 0.061	Loglikelihood: -85319.7	(delta): 30.8502
8 (QN/Block) 	Elapsed: 0.059	Loglikelihood: -85295.1	(delta): 24.6048
9 (QN/Block) 	Elapsed: 0.061	Loglikelihood: -85280.5	(delta): 14.6143
10 (QN/Block) 	Elapsed: 0.063	Loglikelihood: -85269.4	(delta): 11.0888
11 (QN/Block) 	Elapsed: 0.06	Loglikelihood: -85263	(delta): 6.37754
12 (QN/Block) 	Elapsed: 0.061	Loglikelihood: -85257.5	(delta): 5.54088
13 (QN/Block) 	Elapsed: 0.06	Loglikelihood: -85254.2	(delta): 3.25154
14 (QN/Block) 	Elapsed: 0.059	Loglikelihood: -85247.5	(delta): 6.70914
15 (QN/Block) 	Elapsed: 0.061	Loglikelihood: -85245.2	(delta): 2.36194
16 (QN/Block) 	Elapsed: 0.06	Loglikelihood: -85244.2	(delta): 0.965669
17 (QN/Block) 	Elapsed: 0.064	Loglikelihood: -85243.8	(delta): 0.409672
18 (QN/Block) 	Elapsed: 0.06	Loglikelihood: -85243.3	(delta): 0.525606
19 (QN/Block) 	Elapsed: 0.061	Loglikelihood: -85242.4	(delta): 0.852256
20 (QN/Block) 	Elapsed: 0.062	Loglikelihood: -85241.9	(delta): 0.481899
21 (QN/Block) 	Elapsed: 0.063	Loglikelihood: -85241.9	(delta): 0.0730344
22 (QN/Block) 	Elapsed: 0.059	Loglikelihood: -85241.8	(delta): 0.0581574
23 (QN/Block) 	Elapsed: 0.06	Loglikelihood: -85241.7	(delta): 0.0975167
24 (QN/Block) 	Elapsed: 0.06	Loglikelihood: -85240.9	(delta): 0.785872
25 (QN/Block) 	Elapsed: 0.061	Loglikelihood: -85239.5	(delta): 1.46611
26 (QN/Block) 	Elapsed: 0.065	Loglikelihood: -85237.5	(delta): 1.93124
27 (QN/Block) 	Elapsed: 0.064	Loglikelihood: -85237.2	(delta): 0.34157
28 (QN/Block) 	Elapsed: 0.064	Loglikelihood: -85236.7	(delta): 0.465179
29 (QN/Block) 	Elapsed: 0.064	Loglikelihood: -85236.3	(delta): 0.402655
30 (QN/Block) 	Elapsed: 0.063	Loglikelihood: -85236	(delta): 0.278296
31 (QN/Block) 	Elapsed: 0.065	Loglikelihood: -85235.9	(delta): 0.134591
32 (QN/Block) 	Elapsed: 0.064	Loglikelihood: -85235.8	(delta): 0.0738472
33 (QN/Block) 	Elapsed: 0.063	Loglikelihood: -85235.7	(delta): 0.137433
34 (QN/Block) 	Elapsed: 0.064	Loglikelihood: -85235.5	(delta): 0.149075
35 (QN/Block) 	Elapsed: 0.064	Loglikelihood: -85235.1	(delta): 0.40568
36 (QN/Block) 	Elapsed: 0.064	Loglikelihood: -85234.5	(delta): 0.646523
37 (QN/Block) 	Elapsed: 0.065	Loglikelihood: -85233	(delta): 1.47596
38 (QN/Block) 	Elapsed: 0.065	Loglikelihood: -85230.8	(delta): 2.21152
39 (QN/Block) 	Elapsed: 0.061	Loglikelihood: -85229.8	(delta): 0.964144
40 (QN/Block) 	Elapsed: 0.062	Loglikelihood: -85228.9	(delta): 0.951687
41 (QN/Block) 	Elapsed: 0.061	Loglikelihood: -85228.6	(delta): 0.276782
42 (QN/Block) 	Elapsed: 0.06	Loglikelihood: -85228.4	(delta): 0.179305
43 (QN/Block) 	Elapsed: 0.06	Loglikelihood: -85228.2	(delta): 0.208049
44 (QN/Block) 	Elapsed: 0.059	Loglikelihood: -85227.7	(delta): 0.496198
45 (QN/Block) 	Elapsed: 0.065	Loglikelihood: -85227.2	(delta): 0.53105
46 (QN/Block) 	Elapsed: 0.065	Loglikelihood: -85226.4	(delta): 0.777669
47 (QN/Block) 	Elapsed: 0.065	Loglikelihood: -85226.1	(delta): 0.268857
48 (QN/Block) 	Elapsed: 0.064	Loglikelihood: -85226.1	(delta): 0.0839018
49 (QN/Block) 	Elapsed: 0.062	Loglikelihood: -85225.9	(delta): 0.207071
50 (QN/Block) 	Elapsed: 0.061	Loglikelihood: -85225.6	(delta): 0.234325
51 (QN/Block) 	Elapsed: 0.06	Loglikelihood: -85225.1	(delta): 0.541177
52 (QN/Block) 	Elapsed: 0.065	Loglikelihood: -85224.6	(delta): 0.52371
53 (QN/Block) 	Elapsed: 0.066	Loglikelihood: -85224	(delta): 0.543564
54 (QN/Block) 	Elapsed: 0.06	Loglikelihood: -85223.8	(delta): 0.197982
55 (QN/Block) 	Elapsed: 0.06	Loglikelihood: -85223.6	(delta): 0.168674
56 (QN/Block) 	Elapsed: 0.059	Loglikelihood: -85223.5	(delta): 0.154816
57 (QN/Block) 	Elapsed: 0.064	Loglikelihood: -85223.2	(delta): 0.272261
58 (QN/Block) 	Elapsed: 0.063	Loglikelihood: -85222.5	(delta): 0.729201
59 (QN/Block) 	Elapsed: 0.065	Loglikelihood: -85220.5	(delta): 1.94394
60 (QN/Block) 	Elapsed: 0.064	Loglikelihood: -85218.2	(delta): 2.3204
61 (QN/Block) 	Elapsed: 0.065	Loglikelihood: -85216.6	(delta): 1.61082
62 (QN/Block) 	Elapsed: 0.064	Loglikelihood: -85215.5	(delta): 1.11085
63 (QN/Block) 	Elapsed: 0.063	Loglikelihood: -85214.9	(delta): 0.619994
64 (QN/Block) 	Elapsed: 0.063	Loglikelihood: -85214.4	(delta): 0.505047
65 (QN/Block) 	Elapsed: 0.064	Loglikelihood: -85213.9	(delta): 0.434124
66 (QN/Block) 	Elapsed: 0.064	Loglikelihood: -85213.4	(delta): 0.511407
67 (QN/Block) 	Elapsed: 0.063	Loglikelihood: -85212.8	(delta): 0.601945
68 (QN/Block) 	Elapsed: 0.064	Loglikelihood: -85212.4	(delta): 0.435309
69 (QN/Block) 	Elapsed: 0.064	Loglikelihood: -85211.8	(delta): 0.558303
70 (QN/Block) 	Elapsed: 0.061	Loglikelihood: -85211.6	(delta): 0.282623
71 (QN/Block) 	Elapsed: 0.062	Loglikelihood: -85211	(delta): 0.526861
72 (QN/Block) 	Elapsed: 0.064	Loglikelihood: -85210.2	(delta): 0.856589
73 (QN/Block) 	Elapsed: 0.064	Loglikelihood: -85209.3	(delta): 0.85789
74 (QN/Block) 	Elapsed: 0.065	Loglikelihood: -85208.9	(delta): 0.403466
75 (QN/Block) 	Elapsed: 0.065	Loglikelihood: -85208.7	(delta): 0.209181
76 (QN/Block) 	Elapsed: 0.06	Loglikelihood: -85208.5	(delta): 0.216236
77 (QN/Block) 	Elapsed: 0.064	Loglikelihood: -85208.4	(delta): 0.0982292
78 (QN/Block) 	Elapsed: 0.06	Loglikelihood: -85208.1	(delta): 0.243976
79 (QN/Block) 	Elapsed: 0.061	Loglikelihood: -85208	(delta): 0.113212
80 (QN/Block) 	Elapsed: 0.062	Loglikelihood: -85207.9	(delta): 0.0981075
81 (QN/Block) 	Elapsed: 0.059	Loglikelihood: -85207.8	(delta): 0.151649
82 (QN/Block) 	Elapsed: 0.064	Loglikelihood: -85207.6	(delta): 0.156766
83 (QN/Block) 	Elapsed: 0.059	Loglikelihood: -85207.3	(delta): 0.310576
84 (QN/Block) 	Elapsed: 0.062	Loglikelihood: -85207.2	(delta): 0.0770518
85 (QN/Block) 	Elapsed: 0.06	Loglikelihood: -85207.2	(delta): 0.0187545
86 (QN/Block) 	Elapsed: 0.06	Loglikelihood: -85207.2	(delta): 0.00329817
87 (QN/Block) 	Elapsed: 0.06	Loglikelihood: -85207.2	(delta): 0.00147393
88 (QN/Block) 	Elapsed: 0.059	Loglikelihood: -85207.2	(delta): 0.000399319
89 (QN/Block) 	Elapsed: 0.059	Loglikelihood: -85207.2	(delta): 0.000154761
90 (QN/Block) 	Elapsed: 0.06	Loglikelihood: -85207.2	(delta): 0.000227575
91 (QN/Block) 	Elapsed: 0.06	Loglikelihood: -85207.2	(delta): 0.000138934
92 (QN/Block) 	Elapsed: 0.059	Loglikelihood: -85207.2	(delta): 0.000192695
93 (QN/Block) 	Elapsed: 0.063	Loglikelihood: -85207.2	(delta): 6.54503e-05
Summary: 
Converged in 93 iterations (6.082 sec)
Loglikelihood: -85207.207102
Fst divergences between estimated populations: 
	Pop0	Pop1	Pop2	Pop3	Pop4	Pop5	Pop6	
Pop0	
Pop1	0.183	
Pop2	0.118	0.188	
Pop3	0.110	0.195	0.084	
Pop4	0.278	0.281	0.263	0.273	
Pop5	0.142	0.175	0.099	0.115	0.249	
Pop6	0.134	0.192	0.088	0.099	0.266	0.106	
Pop7	0.185	0.172	0.147	0.165	0.225	0.119	0.157	
CV error (K=8): 0.59566
Writing output files.
