****                   ADMIXTURE Version 1.3.0                  ****
****                    Copyright 2008-2015                     ****
****           David Alexander, Suyash Shringarpure,            ****
****                John  Novembre, Ken Lange                   ****
****                                                            ****
****                 Please cite our paper!                     ****
****   Information at www.genetics.ucla.edu/software/admixture  ****

Cross-validation will be performed.  Folds=20.
Random seed: 43
Point estimation method: Block relaxation algorithm
Convergence acceleration algorithm: QuasiNewton, 3 secant conditions
Point estimation will terminate when objective function delta < 0.0001
Estimation of standard errors disabled; will compute point estimates only.
Size of G: 88x1550
Performing five EM steps to prime main algorithm
1 (EM) 	Elapsed: 0.031	Loglikelihood: -107216	(delta): 87700.2
2 (EM) 	Elapsed: 0.031	Loglikelihood: -101470	(delta): 5745.63
3 (EM) 	Elapsed: 0.031	Loglikelihood: -100110	(delta): 1359.73
4 (EM) 	Elapsed: 0.028	Loglikelihood: -99245	(delta): 865.362
5 (EM) 	Elapsed: 0.028	Loglikelihood: -98549.8	(delta): 695.141
Initial loglikelihood: -98549.8
Starting main algorithm
1 (QN/Block) 	Elapsed: 0.068	Loglikelihood: -90429.1	(delta): 8120.71
2 (QN/Block) 	Elapsed: 0.066	Loglikelihood: -87669.9	(delta): 2759.22
3 (QN/Block) 	Elapsed: 0.071	Loglikelihood: -86493.7	(delta): 1176.18
4 (QN/Block) 	Elapsed: 0.07	Loglikelihood: -85499.6	(delta): 994.131
5 (QN/Block) 	Elapsed: 0.071	Loglikelihood: -84838.4	(delta): 661.153
6 (QN/Block) 	Elapsed: 0.07	Loglikelihood: -84470.7	(delta): 367.711
7 (QN/Block) 	Elapsed: 0.071	Loglikelihood: -84342.1	(delta): 128.588
8 (QN/Block) 	Elapsed: 0.07	Loglikelihood: -84276.5	(delta): 65.6264
9 (QN/Block) 	Elapsed: 0.069	Loglikelihood: -84212.2	(delta): 64.3202
10 (QN/Block) 	Elapsed: 0.07	Loglikelihood: -84152.5	(delta): 59.7087
11 (QN/Block) 	Elapsed: 0.069	Loglikelihood: -84129.1	(delta): 23.3789
12 (QN/Block) 	Elapsed: 0.069	Loglikelihood: -84114.5	(delta): 14.6147
13 (QN/Block) 	Elapsed: 0.07	Loglikelihood: -84106.7	(delta): 7.79276
14 (QN/Block) 	Elapsed: 0.069	Loglikelihood: -84102.1	(delta): 4.56313
15 (QN/Block) 	Elapsed: 0.069	Loglikelihood: -84098.1	(delta): 4.01086
16 (QN/Block) 	Elapsed: 0.07	Loglikelihood: -84094	(delta): 4.07036
17 (QN/Block) 	Elapsed: 0.07	Loglikelihood: -84090.1	(delta): 3.9165
18 (QN/Block) 	Elapsed: 0.069	Loglikelihood: -84087.4	(delta): 2.70939
19 (QN/Block) 	Elapsed: 0.069	Loglikelihood: -84084.6	(delta): 2.84834
20 (QN/Block) 	Elapsed: 0.071	Loglikelihood: -84081.2	(delta): 3.34845
21 (QN/Block) 	Elapsed: 0.072	Loglikelihood: -84078.4	(delta): 2.8483
22 (QN/Block) 	Elapsed: 0.073	Loglikelihood: -84076.2	(delta): 2.15464
23 (QN/Block) 	Elapsed: 0.07	Loglikelihood: -84072.2	(delta): 4.02589
24 (QN/Block) 	Elapsed: 0.072	Loglikelihood: -84065.7	(delta): 6.50191
25 (QN/Block) 	Elapsed: 0.07	Loglikelihood: -84063.1	(delta): 2.61327
26 (QN/Block) 	Elapsed: 0.07	Loglikelihood: -84059.9	(delta): 3.13326
27 (QN/Block) 	Elapsed: 0.07	Loglikelihood: -84056.9	(delta): 3.08351
28 (QN/Block) 	Elapsed: 0.072	Loglikelihood: -84054.4	(delta): 2.43439
29 (QN/Block) 	Elapsed: 0.073	Loglikelihood: -84049.7	(delta): 4.76208
30 (QN/Block) 	Elapsed: 0.069	Loglikelihood: -84045.7	(delta): 4.00713
31 (QN/Block) 	Elapsed: 0.071	Loglikelihood: -84043.1	(delta): 2.53552
32 (QN/Block) 	Elapsed: 0.071	Loglikelihood: -84038.6	(delta): 4.48103
33 (QN/Block) 	Elapsed: 0.07	Loglikelihood: -84035.7	(delta): 2.9721
34 (QN/Block) 	Elapsed: 0.069	Loglikelihood: -84032.9	(delta): 2.81016
35 (QN/Block) 	Elapsed: 0.07	Loglikelihood: -84031.2	(delta): 1.6423
36 (QN/Block) 	Elapsed: 0.07	Loglikelihood: -84029.7	(delta): 1.49235
37 (QN/Block) 	Elapsed: 0.07	Loglikelihood: -84028.6	(delta): 1.1112
38 (QN/Block) 	Elapsed: 0.073	Loglikelihood: -84027.1	(delta): 1.51249
39 (QN/Block) 	Elapsed: 0.072	Loglikelihood: -84025.3	(delta): 1.79949
40 (QN/Block) 	Elapsed: 0.074	Loglikelihood: -84024.1	(delta): 1.24345
41 (QN/Block) 	Elapsed: 0.074	Loglikelihood: -84021.5	(delta): 2.55664
42 (QN/Block) 	Elapsed: 0.075	Loglikelihood: -84019	(delta): 2.51932
43 (QN/Block) 	Elapsed: 0.074	Loglikelihood: -84018.8	(delta): 0.143551
44 (QN/Block) 	Elapsed: 0.074	Loglikelihood: -84018.6	(delta): 0.23362
45 (QN/Block) 	Elapsed: 0.073	Loglikelihood: -84017.9	(delta): 0.713946
46 (QN/Block) 	Elapsed: 0.075	Loglikelihood: -84015.4	(delta): 2.53508
47 (QN/Block) 	Elapsed: 0.074	Loglikelihood: -84010.8	(delta): 4.54914
48 (QN/Block) 	Elapsed: 0.074	Loglikelihood: -84006.3	(delta): 4.52604
49 (QN/Block) 	Elapsed: 0.07	Loglikelihood: -84003.1	(delta): 3.2287
50 (QN/Block) 	Elapsed: 0.07	Loglikelihood: -84000.8	(delta): 2.27464
51 (QN/Block) 	Elapsed: 0.073	Loglikelihood: -83998.6	(delta): 2.1925
52 (QN/Block) 	Elapsed: 0.073	Loglikelihood: -83995.3	(delta): 3.28484
53 (QN/Block) 	Elapsed: 0.073	Loglikelihood: -83992.9	(delta): 2.39047
54 (QN/Block) 	Elapsed: 0.071	Loglikelihood: -83990.8	(delta): 2.12827
55 (QN/Block) 	Elapsed: 0.073	Loglikelihood: -83989.8	(delta): 1.00857
56 (QN/Block) 	Elapsed: 0.073	Loglikelihood: -83989	(delta): 0.748787
57 (QN/Block) 	Elapsed: 0.072	Loglikelihood: -83988	(delta): 0.98187
58 (QN/Block) 	Elapsed: 0.075	Loglikelihood: -83986.9	(delta): 1.10678
59 (QN/Block) 	Elapsed: 0.074	Loglikelihood: -83986	(delta): 0.959868
60 (QN/Block) 	Elapsed: 0.07	Loglikelihood: -83985.7	(delta): 0.326709
61 (QN/Block) 	Elapsed: 0.072	Loglikelihood: -83985.5	(delta): 0.17838
62 (QN/Block) 	Elapsed: 0.069	Loglikelihood: -83985.3	(delta): 0.176922
63 (QN/Block) 	Elapsed: 0.068	Loglikelihood: -83985.2	(delta): 0.106899
64 (QN/Block) 	Elapsed: 0.071	Loglikelihood: -83985.1	(delta): 0.0560131
65 (QN/Block) 	Elapsed: 0.068	Loglikelihood: -83985.1	(delta): 0.0314638
66 (QN/Block) 	Elapsed: 0.068	Loglikelihood: -83985	(delta): 0.0631151
67 (QN/Block) 	Elapsed: 0.07	Loglikelihood: -83984.9	(delta): 0.154777
68 (QN/Block) 	Elapsed: 0.074	Loglikelihood: -83984.8	(delta): 0.102006
69 (QN/Block) 	Elapsed: 0.074	Loglikelihood: -83984.6	(delta): 0.182714
70 (QN/Block) 	Elapsed: 0.074	Loglikelihood: -83984.2	(delta): 0.392381
71 (QN/Block) 	Elapsed: 0.074	Loglikelihood: -83983.6	(delta): 0.557641
72 (QN/Block) 	Elapsed: 0.069	Loglikelihood: -83983.5	(delta): 0.170467
73 (QN/Block) 	Elapsed: 0.069	Loglikelihood: -83983.1	(delta): 0.32969
74 (QN/Block) 	Elapsed: 0.073	Loglikelihood: -83982.8	(delta): 0.309321
75 (QN/Block) 	Elapsed: 0.074	Loglikelihood: -83982.7	(delta): 0.131078
76 (QN/Block) 	Elapsed: 0.074	Loglikelihood: -83982.4	(delta): 0.270368
77 (QN/Block) 	Elapsed: 0.074	Loglikelihood: -83982.2	(delta): 0.270083
78 (QN/Block) 	Elapsed: 0.074	Loglikelihood: -83982	(delta): 0.197364
79 (QN/Block) 	Elapsed: 0.073	Loglikelihood: -83982	(delta): 0.00977653
80 (QN/Block) 	Elapsed: 0.073	Loglikelihood: -83982	(delta): 0.00490784
81 (QN/Block) 	Elapsed: 0.07	Loglikelihood: -83981.9	(delta): 0.0132544
82 (QN/Block) 	Elapsed: 0.073	Loglikelihood: -83981.9	(delta): 0.0209999
83 (QN/Block) 	Elapsed: 0.072	Loglikelihood: -83981.9	(delta): 0.0107134
84 (QN/Block) 	Elapsed: 0.07	Loglikelihood: -83981.9	(delta): 0.0129616
85 (QN/Block) 	Elapsed: 0.073	Loglikelihood: -83981.9	(delta): 0.00634004
86 (QN/Block) 	Elapsed: 0.073	Loglikelihood: -83981.9	(delta): 0.00660077
87 (QN/Block) 	Elapsed: 0.074	Loglikelihood: -83981.9	(delta): 0.00700398
88 (QN/Block) 	Elapsed: 0.074	Loglikelihood: -83981.9	(delta): 0.00746025
89 (QN/Block) 	Elapsed: 0.074	Loglikelihood: -83981.9	(delta): 0.00796225
90 (QN/Block) 	Elapsed: 0.075	Loglikelihood: -83981.9	(delta): 0.00851108
91 (QN/Block) 	Elapsed: 0.075	Loglikelihood: -83981.8	(delta): 0.00910838
92 (QN/Block) 	Elapsed: 0.075	Loglikelihood: -83981.8	(delta): 0.00976563
93 (QN/Block) 	Elapsed: 0.074	Loglikelihood: -83981.8	(delta): 0.0102796
94 (QN/Block) 	Elapsed: 0.075	Loglikelihood: -83981.8	(delta): 0.00185973
95 (QN/Block) 	Elapsed: 0.07	Loglikelihood: -83981.8	(delta): 0.000251974
96 (QN/Block) 	Elapsed: 0.073	Loglikelihood: -83981.8	(delta): 4.82427e-05
Summary: 
Converged in 96 iterations (7.237 sec)
Loglikelihood: -83981.823526
Fst divergences between estimated populations: 
	Pop0	Pop1	Pop2	Pop3	Pop4	Pop5	Pop6	Pop7	
Pop0	
Pop1	0.185	
Pop2	0.259	0.281	
Pop3	0.201	0.210	0.248	
Pop4	0.132	0.220	0.297	0.248	
Pop5	0.128	0.184	0.281	0.236	0.137	
Pop6	0.098	0.170	0.249	0.171	0.159	0.153	
Pop7	0.111	0.213	0.294	0.242	0.152	0.134	0.140	
Pop8	0.078	0.193	0.267	0.209	0.129	0.123	0.114	0.109	
CV error (K=9): 0.61449
Writing output files.
